#
# There is insufficient memory for the Java Runtime Environment to continue.
# Native memory allocation (malloc) failed to allocate 32744 bytes for ChunkPool::allocate
# Possible reasons:
#   The system is out of physical RAM or swap space
#   In 32 bit mode, the process size limit was hit
# Possible solutions:
#   Reduce memory load on the system
#   Increase physical memory or swap space
#   Check if swap backing store is full
#   Use 64 bit Java on a 64 bit OS
#   Decrease Java heap size (-Xmx/-Xms)
#   Decrease number of Java threads
#   Decrease Java thread stack sizes (-Xss)
#   Set larger code cache with -XX:ReservedCodeCacheSize=
# This output file may be truncated or incomplete.
#
#  Out of Memory Error (allocation.cpp:273), pid=9288, tid=0x000000000000065c
#
# JRE version: OpenJDK Runtime Environment (8.0_112-b06) (build 1.8.0_112-release-b06)
# Java VM: OpenJDK 64-Bit Server VM (25.112-b06 mixed mode windows-amd64 compressed oops)
# Failed to write core dump. Minidumps are not enabled by default on client versions of Windows
#

---------------  T H R E A D  ---------------

Current thread (0x000000001511e000):  JavaThread "C1 CompilerThread2" daemon [_thread_in_native, id=1628, stack(0x0000000016980000,0x0000000016a80000)]

Stack: [0x0000000016980000,0x0000000016a80000]
[error occurred during error reporting (printing stack bounds), id 0xc0000005]

Native frames: (J=compiled Java code, j=interpreted, Vv=VM code, C=native code)


Current CompileTask:
C1: 506689 15204       3       java.lang.StackTraceElement::toString (140 bytes)


---------------  P R O C E S S  ---------------

Java Threads: ( => current thread )
  0x000000001db83000 JavaThread "pool-13-thread-4" [_thread_blocked, id=8384, stack(0x000000002abf0000,0x000000002acf0000)]
  0x0000000018602000 JavaThread "pool-13-thread-3" [_thread_blocked, id=7236, stack(0x000000002a5f0000,0x000000002a6f0000)]
  0x0000000017503000 JavaThread "Forward streams with process: command 'D:\AndroidStudio\Android Studio\jre\bin\java.exe' Thread 3" [_thread_in_native, id=4248, stack(0x000000002a4f0000,0x000000002a5f0000)]
  0x000000001b188800 JavaThread "Forward streams with process: command 'D:\AndroidStudio\Android Studio\jre\bin\java.exe' Thread 2" [_thread_in_native, id=12144, stack(0x000000002a3f0000,0x000000002a4f0000)]
  0x000000001b18d800 JavaThread "Forward streams with process: command 'D:\AndroidStudio\Android Studio\jre\bin\java.exe'" [_thread_blocked, id=7864, stack(0x000000002a2f0000,0x000000002a3f0000)]
  0x0000000018608000 JavaThread "Run command 'D:\AndroidStudio\Android Studio\jre\bin\java.exe'" [_thread_in_native, id=3076, stack(0x000000002a0f0000,0x000000002a1f0000)]
  0x0000000018606000 JavaThread "pool-13-thread-2" [_thread_blocked, id=5700, stack(0x0000000029ff0000,0x000000002a0f0000)]
  0x0000000017501800 JavaThread "pool-13-thread-1" [_thread_blocked, id=4692, stack(0x00000000299f0000,0x0000000029af0000)]
  0x00000000174f4800 JavaThread "pool-12-thread-4" [_thread_blocked, id=8948, stack(0x00000000298f0000,0x00000000299f0000)]
  0x00000000174fb800 JavaThread "pool-12-thread-3" [_thread_in_native, id=4608, stack(0x00000000297f0000,0x00000000298f0000)]
  0x00000000174f6000 JavaThread "pool-12-thread-2" [_thread_in_Java, id=12092, stack(0x00000000296f0000,0x00000000297f0000)]
  0x00000000174f4000 JavaThread "pool-12-thread-1" [_thread_blocked, id=5792, stack(0x00000000295f0000,0x00000000296f0000)]
  0x00000000174f8000 JavaThread "Cache worker for Java compile cache (D:\AndroidStudio\ExpenseTracker\.gradle\4.1\javaCompile)" [_thread_blocked, id=5788, stack(0x0000000028ff0000,0x00000000290f0000)]
  0x00000000174f7000 JavaThread "Cache worker for task history cache (D:\AndroidStudio\ExpenseTracker\.gradle\4.1\taskHistory)" [_thread_blocked, id=9724, stack(0x00000000285f0000,0x00000000286f0000)]
  0x000000001b197800 JavaThread "Cache worker for file content cache (D:\AndroidStudio\ExpenseTracker\.gradle\4.1\fileContent)" [_thread_blocked, id=3100, stack(0x00000000284f0000,0x00000000285f0000)]
  0x000000001b190000 JavaThread "build operations Thread 4" [_thread_blocked, id=9544, stack(0x00000000283f0000,0x00000000284f0000)]
  0x000000001b193800 JavaThread "build operations Thread 3" [_thread_blocked, id=3428, stack(0x00000000282f0000,0x00000000283f0000)]
  0x000000001b196800 JavaThread "build operations Thread 2" [_thread_blocked, id=5988, stack(0x00000000281f0000,0x00000000282f0000)]
  0x000000001b18f000 JavaThread "build operations" [_thread_blocked, id=6820, stack(0x00000000280f0000,0x00000000281f0000)]
  0x000000001b196000 JavaThread "Cache worker for Artifact transforms cache (C:\Users\Р’Р»Р°РґРёСЃР»Р°РІ\.gradle\caches\transforms-1)" [_thread_blocked, id=10396, stack(0x0000000027ff0000,0x00000000280f0000)]
  0x000000001b195000 JavaThread "Cache worker for file hash cache (D:\AndroidStudio\ExpenseTracker\.gradle\4.1\fileHashes)" [_thread_blocked, id=5228, stack(0x0000000027ef0000,0x0000000027ff0000)]
  0x000000001b194800 JavaThread "Stdin handler" [_thread_blocked, id=8888, stack(0x0000000027df0000,0x0000000027ef0000)]
  0x000000001b18c000 JavaThread "Asynchronous log dispatcher for DefaultDaemonConnection: socket connection from /127.0.0.1:53752 to /127.0.0.1:53793" [_thread_blocked, id=5852, stack(0x0000000027cf0000,0x0000000027df0000)]
  0x000000001b18b800 JavaThread "Daemon worker Thread 3" [_thread_in_native, id=3300, stack(0x0000000027bf0000,0x0000000027cf0000)]
  0x000000001b191800 JavaThread "Cancel handler" [_thread_blocked, id=8168, stack(0x0000000027af0000,0x0000000027bf0000)]
  0x000000001b18e800 JavaThread "Handler for socket connection from /127.0.0.1:53752 to /127.0.0.1:53793" [_thread_in_native, id=4780, stack(0x00000000279f0000,0x0000000027af0000)]
  0x000000001b190800 JavaThread "Daemon Thread 3" [_thread_blocked, id=2384, stack(0x00000000278f0000,0x00000000279f0000)]
  0x000000001b18d000 JavaThread "Memory manager" [_thread_blocked, id=1716, stack(0x000000001f6e0000,0x000000001f7e0000)]
  0x0000000018643800 JavaThread "File lock request listener" [_thread_in_native, id=1140, stack(0x000000001a9b0000,0x000000001aab0000)]
  0x000000001867c800 JavaThread "Cache worker for file hash cache (C:\Users\Р’Р»Р°РґРёСЃР»Р°РІ\.gradle\caches\4.1\fileHashes)" [_thread_blocked, id=2640, stack(0x000000001a8b0000,0x000000001a9b0000)]
  0x0000000018028800 JavaThread "Daemon periodic checks" [_thread_blocked, id=12216, stack(0x0000000019fb0000,0x000000001a0b0000)]
  0x0000000017f62000 JavaThread "Incoming local TCP Connector on port 53752" [_thread_in_native, id=7928, stack(0x0000000019d60000,0x0000000019e60000)]
  0x0000000016aa4000 JavaThread "Service Thread" daemon [_thread_blocked, id=8544, stack(0x0000000016e80000,0x0000000016f80000)]
=>0x000000001511e000 JavaThread "C1 CompilerThread2" daemon [_thread_in_native, id=1628, stack(0x0000000016980000,0x0000000016a80000)]
  0x0000000015111800 JavaThread "C2 CompilerThread1" daemon [_thread_blocked, id=11864, stack(0x0000000016880000,0x0000000016980000)]
  0x000000001510e800 JavaThread "C2 CompilerThread0" daemon [_thread_in_native, id=1136, stack(0x0000000016780000,0x0000000016880000)]
  0x000000001510d000 JavaThread "Attach Listener" daemon [_thread_blocked, id=6312, stack(0x0000000016680000,0x0000000016780000)]
  0x0000000015109800 JavaThread "Signal Dispatcher" daemon [_thread_blocked, id=6544, stack(0x0000000016580000,0x0000000016680000)]
  0x000000000295b800 JavaThread "Finalizer" daemon [_thread_blocked, id=7164, stack(0x0000000016380000,0x0000000016480000)]
  0x0000000002950800 JavaThread "Reference Handler" daemon [_thread_blocked, id=11216, stack(0x0000000016280000,0x0000000016380000)]
  0x0000000002a3d800 JavaThread "main" [_thread_blocked, id=11440, stack(0x00000000026f0000,0x00000000027f0000)]

Other Threads:
  0x00000000150d4800 VMThread [stack: 0x0000000016180000,0x0000000016280000] [id=9256]
  0x0000000016abc800 WatcherThread [stack: 0x0000000016f80000,0x0000000017080000] [id=9776]

VM state:not at safepoint (normal execution)

VM Mutex/Monitor currently owned by a thread: None

Heap:
 PSYoungGen      total 239616K, used 199913K [0x00000000eab00000, 0x00000000fe580000, 0x0000000100000000)
  eden space 215040K, 81% used [0x00000000eab00000,0x00000000f565cfc8,0x00000000f7d00000)
  from space 24576K, 99% used [0x00000000fcd80000,0x00000000fe55d5a8,0x00000000fe580000)
  to   space 29184K, 0% used [0x00000000fac80000,0x00000000fac80000,0x00000000fc900000)
 ParOldGen       total 153088K, used 45802K [0x00000000c0000000, 0x00000000c9580000, 0x00000000eab00000)
  object space 153088K, 29% used [0x00000000c0000000,0x00000000c2cba8c8,0x00000000c9580000)
 Metaspace       used 70112K, capacity 73424K, committed 73688K, reserved 1114112K
  class space    used 9108K, capacity 9903K, committed 9984K, reserved 1048576K

Card table byte_map: [0x0000000011e00000,0x0000000012010000] byte_map_base: 0x0000000011800000

Marking Bits: (ParMarkBitMap*) 0x00000000730f18f0
 Begin Bits: [0x0000000012570000, 0x0000000013570000)
 End Bits:   [0x0000000013570000, 0x0000000014570000)

Polling page: 0x00000000027f0000

CodeCache: size=245760Kb used=44976Kb max_used=45121Kb free=200783Kb
 bounds [0x0000000002a40000, 0x0000000005690000, 0x0000000011a40000]
 total_blobs=13208 nmethods=12414 adapters=706
 compilation: enabled

Compilation events (10 events):
Event: 506.108 Thread 0x000000001511e000 15201       3       java.lang.StackTraceElement::equals (80 bytes)
Event: 506.109 Thread 0x000000001511e000 nmethod 15201 0x000000000500a990 code [0x000000000500ab60, 0x000000000500b3e8]
Event: 506.111 Thread 0x000000001511e000 15202       3       java.lang.Throwable$WrappedPrintWriter::println (9 bytes)
Event: 506.112 Thread 0x000000001511e000 nmethod 15202 0x00000000031c0310 code [0x00000000031c0480, 0x00000000031c06a8]
Event: 506.112 Thread 0x000000001511e000 15203   !   3       java.io.PrintWriter::println (34 bytes)
Event: 506.112 Thread 0x000000001510e800 15205       4       java.lang.String::valueOf (14 bytes)
Event: 506.113 Thread 0x000000001510e800 nmethod 15205 0x00000000054d9e90 code [0x00000000054d9fc0, 0x00000000054da038]
Event: 506.113 Thread 0x000000001511e000 nmethod 15203 0x0000000004e41e10 code [0x0000000004e41fe0, 0x0000000004e42928]
Event: 506.113 Thread 0x000000001511e000 15204       3       java.lang.StackTraceElement::toString (140 bytes)
Event: 506.113 Thread 0x000000001510e800 15208       4       java.lang.AbstractStringBuilder::append (62 bytes)

GC Heap History (10 events):
Event: 38.944 GC heap before
{Heap before GC invocations=13 (full 2):
 PSYoungGen      total 192512K, used 137704K [0x00000000eab00000, 0x00000000f8f00000, 0x0000000100000000)
  eden space 176640K, 68% used [0x00000000eab00000,0x00000000f2201410,0x00000000f5780000)
  from space 15872K, 99% used [0x00000000f6d80000,0x00000000f7cf8c98,0x00000000f7d00000)
  to   space 22528K, 0% used [0x00000000f5780000,0x00000000f5780000,0x00000000f6d80000)
 ParOldGen       total 97280K, used 32966K [0x00000000c0000000, 0x00000000c5f00000, 0x00000000eab00000)
  object space 97280K, 33% used [0x00000000c0000000,0x00000000c20318b0,0x00000000c5f00000)
 Metaspace       used 56549K, capacity 58884K, committed 58968K, reserved 1099776K
  class space    used 7671K, capacity 8257K, committed 8320K, reserved 1048576K
Event: 38.987 GC heap after
Heap after GC invocations=13 (full 2):
 PSYoungGen      total 199168K, used 22515K [0x00000000eab00000, 0x00000000fc280000, 0x0000000100000000)
  eden space 176640K, 0% used [0x00000000eab00000,0x00000000eab00000,0x00000000f5780000)
  from space 22528K, 99% used [0x00000000f5780000,0x00000000f6d7ccc8,0x00000000f6d80000)
  to   space 26624K, 0% used [0x00000000fa880000,0x00000000fa880000,0x00000000fc280000)
 ParOldGen       total 97280K, used 36398K [0x00000000c0000000, 0x00000000c5f00000, 0x00000000eab00000)
  object space 97280K, 37% used [0x00000000c0000000,0x00000000c238bb08,0x00000000c5f00000)
 Metaspace       used 56549K, capacity 58884K, committed 58968K, reserved 1099776K
  class space    used 7671K, capacity 8257K, committed 8320K, reserved 1048576K
}
Event: 38.987 GC heap before
{Heap before GC invocations=14 (full 3):
 PSYoungGen      total 199168K, used 22515K [0x00000000eab00000, 0x00000000fc280000, 0x0000000100000000)
  eden space 176640K, 0% used [0x00000000eab00000,0x00000000eab00000,0x00000000f5780000)
  from space 22528K, 99% used [0x00000000f5780000,0x00000000f6d7ccc8,0x00000000f6d80000)
  to   space 26624K, 0% used [0x00000000fa880000,0x00000000fa880000,0x00000000fc280000)
 ParOldGen       total 97280K, used 36398K [0x00000000c0000000, 0x00000000c5f00000, 0x00000000eab00000)
  object space 97280K, 37% used [0x00000000c0000000,0x00000000c238bb08,0x00000000c5f00000)
 Metaspace       used 56549K, capacity 58884K, committed 58968K, reserved 1099776K
  class space    used 7671K, capacity 8257K, committed 8320K, reserved 1048576K
Event: 39.307 GC heap after
Heap after GC invocations=14 (full 3):
 PSYoungGen      total 199168K, used 0K [0x00000000eab00000, 0x00000000fc280000, 0x0000000100000000)
  eden space 176640K, 0% used [0x00000000eab00000,0x00000000eab00000,0x00000000f5780000)
  from space 22528K, 0% used [0x00000000f5780000,0x00000000f5780000,0x00000000f6d80000)
  to   space 26624K, 0% used [0x00000000fa880000,0x00000000fa880000,0x00000000fc280000)
 ParOldGen       total 153088K, used 45778K [0x00000000c0000000, 0x00000000c9580000, 0x00000000eab00000)
  object space 153088K, 29% used [0x00000000c0000000,0x00000000c2cb48c8,0x00000000c9580000)
 Metaspace       used 56549K, capacity 58884K, committed 58968K, reserved 1099776K
  class space    used 7671K, capacity 8257K, committed 8320K, reserved 1048576K
}
Event: 96.143 GC heap before
{Heap before GC invocations=15 (full 3):
 PSYoungGen      total 199168K, used 176640K [0x00000000eab00000, 0x00000000fc280000, 0x0000000100000000)
  eden space 176640K, 100% used [0x00000000eab00000,0x00000000f5780000,0x00000000f5780000)
  from space 22528K, 0% used [0x00000000f5780000,0x00000000f5780000,0x00000000f6d80000)
  to   space 26624K, 0% used [0x00000000fa880000,0x00000000fa880000,0x00000000fc280000)
 ParOldGen       total 153088K, used 45778K [0x00000000c0000000, 0x00000000c9580000, 0x00000000eab00000)
  object space 153088K, 29% used [0x00000000c0000000,0x00000000c2cb48c8,0x00000000c9580000)
 Metaspace       used 60005K, capacity 62454K, committed 62680K, reserved 1103872K
  class space    used 8069K, capacity 8672K, committed 8704K, reserved 1048576K
Event: 96.155 GC heap after
Heap after GC invocations=15 (full 3):
 PSYoungGen      total 239104K, used 5546K [0x00000000eab00000, 0x00000000fb880000, 0x0000000100000000)
  eden space 222720K, 0% used [0x00000000eab00000,0x00000000eab00000,0x00000000f8480000)
  from space 16384K, 33% used [0x00000000fa880000,0x00000000fadeaad0,0x00000000fb880000)
  to   space 26624K, 0% used [0x00000000f8480000,0x00000000f8480000,0x00000000f9e80000)
 ParOldGen       total 153088K, used 45786K [0x00000000c0000000, 0x00000000c9580000, 0x00000000eab00000)
  object space 153088K, 29% used [0x00000000c0000000,0x00000000c2cb68c8,0x00000000c9580000)
 Metaspace       used 60005K, capacity 62454K, committed 62680K, reserved 1103872K
  class space    used 8069K, capacity 8672K, committed 8704K, reserved 1048576K
}
Event: 392.344 GC heap before
{Heap before GC invocations=16 (full 3):
 PSYoungGen      total 239104K, used 228266K [0x00000000eab00000, 0x00000000fb880000, 0x0000000100000000)
  eden space 222720K, 100% used [0x00000000eab00000,0x00000000f8480000,0x00000000f8480000)
  from space 16384K, 33% used [0x00000000fa880000,0x00000000fadeaad0,0x00000000fb880000)
  to   space 26624K, 0% used [0x00000000f8480000,0x00000000f8480000,0x00000000f9e80000)
 ParOldGen       total 153088K, used 45786K [0x00000000c0000000, 0x00000000c9580000, 0x00000000eab00000)
  object space 153088K, 29% used [0x00000000c0000000,0x00000000c2cb68c8,0x00000000c9580000)
 Metaspace       used 62219K, capacity 65138K, committed 65368K, reserved 1105920K
  class space    used 8287K, capacity 8972K, committed 9088K, reserved 1048576K
Event: 392.370 GC heap after
Heap after GC invocations=16 (full 3):
 PSYoungGen      total 249344K, used 14631K [0x00000000eab00000, 0x00000000fe700000, 0x0000000100000000)
  eden space 222720K, 0% used [0x00000000eab00000,0x00000000eab00000,0x00000000f8480000)
  from space 26624K, 54% used [0x00000000f8480000,0x00000000f92c9c10,0x00000000f9e80000)
  to   space 26112K, 0% used [0x00000000fcd80000,0x00000000fcd80000,0x00000000fe700000)
 ParOldGen       total 153088K, used 45794K [0x00000000c0000000, 0x00000000c9580000, 0x00000000eab00000)
  object space 153088K, 29% used [0x00000000c0000000,0x00000000c2cb88c8,0x00000000c9580000)
 Metaspace       used 62219K, capacity 65138K, committed 65368K, reserved 1105920K
  class space    used 8287K, capacity 8972K, committed 9088K, reserved 1048576K
}
Event: 492.656 GC heap before
{Heap before GC invocations=17 (full 3):
 PSYoungGen      total 249344K, used 237351K [0x00000000eab00000, 0x00000000fe700000, 0x0000000100000000)
  eden space 222720K, 100% used [0x00000000eab00000,0x00000000f8480000,0x00000000f8480000)
  from space 26624K, 54% used [0x00000000f8480000,0x00000000f92c9c10,0x00000000f9e80000)
  to   space 26112K, 0% used [0x00000000fcd80000,0x00000000fcd80000,0x00000000fe700000)
 ParOldGen       total 153088K, used 45794K [0x00000000c0000000, 0x00000000c9580000, 0x00000000eab00000)
  object space 153088K, 29% used [0x00000000c0000000,0x00000000c2cb88c8,0x00000000c9580000)
 Metaspace       used 67264K, capacity 70358K, committed 70616K, reserved 1110016K
  class space    used 8868K, capacity 9648K, committed 9728K, reserved 1048576K
Event: 492.704 GC heap after
Heap after GC invocations=17 (full 3):
 PSYoungGen      total 239616K, used 24437K [0x00000000eab00000, 0x00000000fe580000, 0x0000000100000000)
  eden space 215040K, 0% used [0x00000000eab00000,0x00000000eab00000,0x00000000f7d00000)
  from space 24576K, 99% used [0x00000000fcd80000,0x00000000fe55d5a8,0x00000000fe580000)
  to   space 29184K, 0% used [0x00000000fac80000,0x00000000fac80000,0x00000000fc900000)
 ParOldGen       total 153088K, used 45802K [0x00000000c0000000, 0x00000000c9580000, 0x00000000eab00000)
  object space 153088K, 29% used [0x00000000c0000000,0x00000000c2cba8c8,0x00000000c9580000)
 Metaspace       used 67264K, capacity 70358K, committed 70616K, reserved 1110016K
  class space    used 8868K, capacity 9648K, committed 9728K, reserved 1048576K
}

Deoptimization events (10 events):
Event: 503.155 Thread 0x000000001b18b800 Uncommon trap: reason=bimorphic action=maybe_recompile pc=0x0000000004a5d3cc method=com.google.common.collect.AbstractMapBasedMultimap.iteratorOrListIterator(Ljava/util/Collection;)Ljava/util/Iterator; @ 20
Event: 503.155 Thread 0x000000001b18b800 Uncommon trap: reason=bimorphic action=maybe_recompile pc=0x0000000004a5d3cc method=com.google.common.collect.AbstractMapBasedMultimap.iteratorOrListIterator(Ljava/util/Collection;)Ljava/util/Iterator; @ 20
Event: 503.155 Thread 0x000000001b18b800 Uncommon trap: reason=bimorphic action=maybe_recompile pc=0x00000000042ca31c method=com.google.common.collect.AbstractMapBasedMultimap.iteratorOrListIterator(Ljava/util/Collection;)Ljava/util/Iterator; @ 20
Event: 505.324 Thread 0x00000000174f4800 Uncommon trap: reason=unstable_if action=reinterpret pc=0x000000000461890c method=jdk.internal.org.objectweb.asm.Item.isEqualTo(Ljdk/internal/org/objectweb/asm/Item;)Z @ 331
Event: 505.416 Thread 0x00000000174f4000 Uncommon trap: reason=unstable_if action=reinterpret pc=0x000000000320cddc method=java.util.concurrent.ConcurrentHashMap.addCount(JI)V @ 34
Event: 505.738 Thread 0x00000000174fb800 Uncommon trap: reason=unstable_if action=reinterpret pc=0x00000000049deae4 method=sun.nio.fs.WindowsNativeDispatcher.asNativeBuffer(Ljava/lang/String;)Lsun/nio/fs/NativeBuffer; @ 33
Event: 506.103 Thread 0x000000001b18b800 Uncommon trap: reason=class_check action=maybe_recompile pc=0x00000000043a1d74 method=java.io.PrintWriter.write(Ljava/lang/String;II)V @ 19
Event: 506.104 Thread 0x000000001b18b800 Uncommon trap: reason=class_check action=maybe_recompile pc=0x00000000043a1d74 method=java.io.PrintWriter.write(Ljava/lang/String;II)V @ 19
Event: 506.104 Thread 0x000000001b18b800 Uncommon trap: reason=class_check action=maybe_recompile pc=0x00000000043a1d74 method=java.io.PrintWriter.write(Ljava/lang/String;II)V @ 19
Event: 506.104 Thread 0x000000001b18b800 Uncommon trap: reason=class_check action=maybe_recompile pc=0x00000000043a1d74 method=java.io.PrintWriter.write(Ljava/lang/String;II)V @ 19

Internal exceptions (10 events):
Event: 490.320 Thread 0x000000001b18b800 Implicit null exception at 0x00000000038e782f to 0x00000000038e8645
Event: 492.707 Thread 0x000000001b18b800 Implicit null exception at 0x0000000004d12065 to 0x0000000004d12745
Event: 493.088 Thread 0x00000000174fb800 Implicit null exception at 0x000000000343970c to 0x000000000343b7e9
Event: 493.990 Thread 0x00000000174fb800 Implicit null exception at 0x0000000002dde220 to 0x0000000002dde30b
Event: 493.991 Thread 0x00000000174fb800 Exception <a 'java/lang/NullPointerException'> (0x00000000eba1bc58) thrown at [C:\src\android\AOSP-openjdk\external\jetbrains\jdk\hotspot\src\share\vm\runtime\sharedRuntime.cpp, line 605]
Event: 503.424 Thread 0x000000001b18b800 Exception <a 'java/lang/NoSuchMethodError': <clinit>> (0x00000000f3f23470) thrown at [C:\src\android\AOSP-openjdk\external\jetbrains\jdk\hotspot\src\share\vm\prims\jni.cpp, line 1613]
Event: 505.729 Thread 0x00000000174fb800 Exception <a 'sun/nio/fs/WindowsException'> (0x00000000f4bab508) thrown at [C:\src\android\AOSP-openjdk\external\jetbrains\jdk\hotspot\src\share\vm\prims\jni.cpp, line 709]
Event: 505.729 Thread 0x00000000174f6000 Exception <a 'sun/nio/fs/WindowsException'> (0x00000000f490d6b8) thrown at [C:\src\android\AOSP-openjdk\external\jetbrains\jdk\hotspot\src\share\vm\prims\jni.cpp, line 709]
Event: 506.094 Thread 0x000000001db7d800 Exception <a 'java/lang/OutOfMemoryError': unable to create new native thread> (0x00000000f4d41c50) thrown at [C:\src\android\AOSP-openjdk\external\jetbrains\jdk\hotspot\src\share\vm\prims\jvm.cpp, line 3024]
Event: 506.100 Thread 0x000000001b18b800 Exception <a 'java/lang/reflect/InvocationTargetException'> (0x00000000f4768f90) thrown at [C:\src\android\AOSP-openjdk\external\jetbrains\jdk\hotspot\src\share\vm\runtime\reflection.cpp, line 1092]

Events (10 events):
Event: 506.109 Executing VM operation: RevokeBias
Event: 506.109 Executing VM operation: RevokeBias done
Event: 506.109 Executing VM operation: RevokeBias
Event: 506.109 Executing VM operation: RevokeBias done
Event: 506.110 Executing VM operation: RevokeBias
Event: 506.110 Executing VM operation: RevokeBias done
Event: 506.110 Executing VM operation: RevokeBias
Event: 506.110 Executing VM operation: RevokeBias done
Event: 506.110 Executing VM operation: RevokeBias
Event: 506.111 Executing VM operation: RevokeBias done


Dynamic libraries:
0x00007ff749120000 - 0x00007ff749151000 	D:\AndroidStudio\Android Studio\jre\bin\java.exe
0x00007ff83dab0000 - 0x00007ff83dc91000 	C:\WINDOWS\SYSTEM32\ntdll.dll
0x00007ff83b2b0000 - 0x00007ff83b362000 	C:\WINDOWS\System32\KERNEL32.DLL
0x00007ff839fb0000 - 0x00007ff83a223000 	C:\WINDOWS\System32\KERNELBASE.dll
0x00007ff83b5e0000 - 0x00007ff83b681000 	C:\WINDOWS\System32\ADVAPI32.dll
0x00007ff83b150000 - 0x00007ff83b1ee000 	C:\WINDOWS\System32\msvcrt.dll
0x00007ff83b1f0000 - 0x00007ff83b24b000 	C:\WINDOWS\System32\sechost.dll
0x00007ff83d2a0000 - 0x00007ff83d3c4000 	C:\WINDOWS\System32\RPCRT4.dll
0x00007ff83d110000 - 0x00007ff83d2a0000 	C:\WINDOWS\System32\USER32.dll
0x00007ff83ad80000 - 0x00007ff83ada0000 	C:\WINDOWS\System32\win32u.dll
0x00007ff83b380000 - 0x00007ff83b3a8000 	C:\WINDOWS\System32\GDI32.dll
0x00007ff83a230000 - 0x00007ff83a3c2000 	C:\WINDOWS\System32\gdi32full.dll
0x00007ff83aea0000 - 0x00007ff83af3f000 	C:\WINDOWS\System32\msvcp_win.dll
0x00007ff83ada0000 - 0x00007ff83ae9a000 	C:\WINDOWS\System32\ucrtbase.dll
0x00007ff82d4a0000 - 0x00007ff82d709000 	C:\WINDOWS\WinSxS\amd64_microsoft.windows.common-controls_6595b64144ccf1df_6.0.17134.407_none_fb449d63306391e9\COMCTL32.dll
0x00007ff83cde0000 - 0x00007ff83d102000 	C:\WINDOWS\System32\combase.dll
0x00007ff839e80000 - 0x00007ff839efa000 	C:\WINDOWS\System32\bcryptPrimitives.dll
0x00007ff83afa0000 - 0x00007ff83afcd000 	C:\WINDOWS\System32\IMM32.DLL
0x0000000073390000 - 0x0000000073462000 	D:\AndroidStudio\Android Studio\jre\jre\bin\msvcr100.dll
0x0000000072930000 - 0x000000007316c000 	D:\AndroidStudio\Android Studio\jre\jre\bin\server\jvm.dll
0x00007ff83d470000 - 0x00007ff83d478000 	C:\WINDOWS\System32\PSAPI.DLL
0x00007ff82fe40000 - 0x00007ff82fe49000 	C:\WINDOWS\SYSTEM32\WSOCK32.dll
0x00007ff83d3e0000 - 0x00007ff83d44c000 	C:\WINDOWS\System32\WS2_32.dll
0x00007ff837aa0000 - 0x00007ff837ac3000 	C:\WINDOWS\SYSTEM32\WINMM.dll
0x00007ff830630000 - 0x00007ff83063a000 	C:\WINDOWS\SYSTEM32\VERSION.dll
0x00007ff837a70000 - 0x00007ff837a9a000 	C:\WINDOWS\SYSTEM32\WINMMBASE.dll
0x00007ff83aae0000 - 0x00007ff83ab29000 	C:\WINDOWS\System32\cfgmgr32.dll
0x00007ff82fe00000 - 0x00007ff82fe0f000 	D:\AndroidStudio\Android Studio\jre\jre\bin\verify.dll
0x00007ff82d1b0000 - 0x00007ff82d1d9000 	D:\AndroidStudio\Android Studio\jre\jre\bin\java.dll
0x00007ff82fde0000 - 0x00007ff82fdf6000 	D:\AndroidStudio\Android Studio\jre\jre\bin\zip.dll
0x00007ff83b830000 - 0x00007ff83cc6f000 	C:\WINDOWS\System32\SHELL32.dll
0x00007ff83d480000 - 0x00007ff83d529000 	C:\WINDOWS\System32\shcore.dll
0x00007ff83a3d0000 - 0x00007ff83aadd000 	C:\WINDOWS\System32\windows.storage.dll
0x00007ff83b250000 - 0x00007ff83b2a1000 	C:\WINDOWS\System32\shlwapi.dll
0x00007ff839dc0000 - 0x00007ff839dd1000 	C:\WINDOWS\System32\kernel.appcore.dll
0x00007ff839de0000 - 0x00007ff839dff000 	C:\WINDOWS\System32\profapi.dll
0x00007ff839e10000 - 0x00007ff839e5c000 	C:\WINDOWS\System32\powrprof.dll
0x00007ff839e00000 - 0x00007ff839e0a000 	C:\WINDOWS\System32\FLTLIB.DLL
0x00007ff826460000 - 0x00007ff82647a000 	D:\AndroidStudio\Android Studio\jre\jre\bin\net.dll
0x00007ff8395e0000 - 0x00007ff839646000 	C:\WINDOWS\system32\mswsock.dll
0x00007ff81f8c0000 - 0x00007ff81f8d1000 	D:\AndroidStudio\Android Studio\jre\jre\bin\nio.dll
0x00007ff825df0000 - 0x00007ff825e0e000 	C:\Users\Владислав\.gradle\native\25\windows-amd64\native-platform.dll
0x00007ff82fd00000 - 0x00007ff82fd0d000 	D:\AndroidStudio\Android Studio\jre\jre\bin\management.dll
0x00007ff839790000 - 0x00007ff8397a7000 	C:\WINDOWS\SYSTEM32\CRYPTSP.dll
0x00007ff8391c0000 - 0x00007ff8391f3000 	C:\WINDOWS\system32\rsaenh.dll
0x00007ff8398c0000 - 0x00007ff8398e5000 	C:\WINDOWS\SYSTEM32\bcrypt.dll
0x00007ff839cf0000 - 0x00007ff839d18000 	C:\WINDOWS\SYSTEM32\USERENV.dll
0x00007ff8397b0000 - 0x00007ff8397bb000 	C:\WINDOWS\SYSTEM32\CRYPTBASE.dll
0x00007ff839360000 - 0x00007ff839398000 	C:\WINDOWS\SYSTEM32\IPHLPAPI.DLL
0x00007ff83b370000 - 0x00007ff83b378000 	C:\WINDOWS\System32\NSI.dll
0x00007ff8341a0000 - 0x00007ff8341b6000 	C:\WINDOWS\SYSTEM32\dhcpcsvc6.DLL
0x00007ff834180000 - 0x00007ff83419a000 	C:\WINDOWS\SYSTEM32\dhcpcsvc.DLL
0x00007ff8393a0000 - 0x00007ff83945e000 	C:\WINDOWS\SYSTEM32\DNSAPI.dll
0x00007ff831e90000 - 0x00007ff831e9a000 	C:\Windows\System32\rasadhlp.dll
0x00007ff832d60000 - 0x00007ff832dd2000 	C:\WINDOWS\System32\fwpuclnt.dll
0x00007ff838fb0000 - 0x00007ff838fe1000 	C:\WINDOWS\SYSTEM32\ntmarta.dll

VM Arguments:
jvm_args: -XX:+HeapDumpOnOutOfMemoryError -Xmx1024m -Dfile.encoding=windows-1251 -Duser.country=RU -Duser.language=ru -Duser.variant 
java_command: org.gradle.launcher.daemon.bootstrap.GradleDaemon 4.1
java_class_path (initial): C:\Users\Владислав\.gradle\wrapper\dists\gradle-4.1-all\bzyivzo6n839fup2jbap0tjew\gradle-4.1\lib\gradle-launcher-4.1.jar
Launcher Type: SUN_STANDARD

Environment Variables:
JAVA_HOME=C:\Program Files\Java\jdk1.8.0_111
PATH=C:\ProgramData\Oracle\Java\javapath;C:\WINDOWS\system32;C:\WINDOWS;C:\WINDOWS\System32\Wbem;C:\WINDOWS\System32\WindowsPowerShell\v1.0\;C:\Program Files (x86)\Windows Live\Shared;D:\3.0.0\bin\i386-Win32;C:\FPC\3.0.0\bin\i386-Win32;C:\FPC\2.6.4\bin\i386-Win32;C:\Program Files\Java\jdk1.8.0_111\bin;C:\WINDOWS\system32\config\systemprofile\.dnx\bin;C:\Program Files\Microsoft DNX\Dnvm\;C:\Program Files\Microsoft SQL Server\120\Tools\Binn\;C:\Program Files\Microsoft SQL Server\130\Tools\Binn\;C:\Program Files (x86)\NVIDIA Corporation\Cg\bin;C:\Program Files\Common Files\Autodesk Shared\;C:\Program Files (x86)\Autodesk\Backburner\;C:\WINDOWS\System32\OpenSSH\;C:\Program Files\wget;C:\Python36\Scripts\;C:\Python36\;C:\RailsInstaller\Git\cmd;C:\RailsInstaller\Ruby2.3.0\bin;C:\Users\Владислав\AppData\Local\Microsoft\WindowsApps;;C:\Users\Владислав\AppData\Local\Programs\Microsoft VS Code\bin
USERNAME=Владислав
OS=Windows_NT
PROCESSOR_IDENTIFIER=Intel64 Family 6 Model 58 Stepping 9, GenuineIntel



---------------  S Y S T E M  ---------------

OS: Windows 10.0 , 64 bit Build 17134 (10.0.17134.1)

CPU:total 4 (2 cores per cpu, 2 threads per core) family 6 model 58 stepping 9, cmov, cx8, fxsr, mmx, sse, sse2, sse3, ssse3, sse4.1, sse4.2, popcnt, avx, clmul, erms, ht, tsc, tscinvbit, tscinv

Memory: 4k page, physical 8271472k(984800k free), swap 8271472k(11520k free)

vm_info: OpenJDK 64-Bit Server VM (25.112-b06) for windows-amd64 JRE (1.8.0_112-release-b06), built on Dec  8 2016 00:54:26 by "builder" with MS VC++ 10.0 (VS2010)

time: Thu Nov 29 23:32:21 2018
elapsed time: 506 seconds (0d 0h 8m 26s)

