#
# There is insufficient memory for the Java Runtime Environment to continue.
# Native memory allocation (malloc) failed to allocate 72720 bytes for Chunk::new
# Possible reasons:
#   The system is out of physical RAM or swap space
#   In 32 bit mode, the process size limit was hit
# Possible solutions:
#   Reduce memory load on the system
#   Increase physical memory or swap space
#   Check if swap backing store is full
#   Use 64 bit Java on a 64 bit OS
#   Decrease Java heap size (-Xmx/-Xms)
#   Decrease number of Java threads
#   Decrease Java thread stack sizes (-Xss)
#   Set larger code cache with -XX:ReservedCodeCacheSize=
# This output file may be truncated or incomplete.
#
#  Out of Memory Error (allocation.cpp:390), pid=3772, tid=0x0000000000002410
#
# JRE version: OpenJDK Runtime Environment (8.0_112-b06) (build 1.8.0_112-release-b06)
# Java VM: OpenJDK 64-Bit Server VM (25.112-b06 mixed mode windows-amd64 compressed oops)
# Failed to write core dump. Minidumps are not enabled by default on client versions of Windows
#

---------------  T H R E A D  ---------------

Current thread (0x00000000156fe800):  JavaThread "C2 CompilerThread0" daemon [_thread_in_native, id=9232, stack(0x0000000016d60000,0x0000000016e60000)]

Stack: [0x0000000016d60000,0x0000000016e60000]
[error occurred during error reporting (printing stack bounds), id 0xc0000005]

Native frames: (J=compiled Java code, j=interpreted, Vv=VM code, C=native code)


Current CompileTask:
C2:   2539 1373       4       com.android.dx.ssa.SCCP::simulateStmt (481 bytes)


---------------  P R O C E S S  ---------------

Java Threads: ( => current thread )
  0x00000000171a4000 JavaThread "pool-1-thread-4" [_thread_blocked, id=5532, stack(0x0000000017a60000,0x0000000017b60000)]
  0x00000000171d8800 JavaThread "pool-1-thread-3" [_thread_blocked, id=3392, stack(0x0000000017960000,0x0000000017a60000)]
  0x00000000171d5000 JavaThread "pool-1-thread-2" [_thread_blocked, id=11372, stack(0x0000000017860000,0x0000000017960000)]
  0x00000000171e3800 JavaThread "pool-2-thread-1" [_thread_blocked, id=11564, stack(0x0000000017760000,0x0000000017860000)]
  0x00000000171e0800 JavaThread "pool-1-thread-1" [_thread_blocked, id=5300, stack(0x0000000017660000,0x0000000017760000)]
  0x0000000016f6d000 JavaThread "Service Thread" daemon [_thread_blocked, id=5976, stack(0x0000000017460000,0x0000000017560000)]
  0x0000000016f68800 JavaThread "C1 CompilerThread2" daemon [_thread_blocked, id=5016, stack(0x0000000017360000,0x0000000017460000)]
  0x0000000015701800 JavaThread "C2 CompilerThread1" daemon [_thread_in_native, id=11260, stack(0x0000000016e60000,0x0000000016f60000)]
=>0x00000000156fe800 JavaThread "C2 CompilerThread0" daemon [_thread_in_native, id=9232, stack(0x0000000016d60000,0x0000000016e60000)]
  0x00000000156fd000 JavaThread "Attach Listener" daemon [_thread_blocked, id=6320, stack(0x0000000016c60000,0x0000000016d60000)]
  0x00000000156fa000 JavaThread "Signal Dispatcher" daemon [_thread_blocked, id=10812, stack(0x0000000016b60000,0x0000000016c60000)]
  0x000000000302b000 JavaThread "Finalizer" daemon [_thread_blocked, id=6760, stack(0x0000000016960000,0x0000000016a60000)]
  0x0000000003020800 JavaThread "Reference Handler" daemon [_thread_blocked, id=12196, stack(0x0000000016860000,0x0000000016960000)]
  0x0000000002d8d800 JavaThread "main" [_thread_blocked, id=1284, stack(0x0000000002e30000,0x0000000002f30000)]

Other Threads:
  0x00000000156c5000 VMThread [stack: 0x0000000016760000,0x0000000016860000] [id=10900]
  0x0000000016f6e800 WatcherThread [stack: 0x0000000017560000,0x0000000017660000] [id=7720]

VM state:not at safepoint (normal execution)

VM Mutex/Monitor currently owned by a thread: None

Heap:
 PSYoungGen      total 38400K, used 5613K [0x00000000eab00000, 0x00000000ed580000, 0x0000000100000000)
  eden space 33280K, 1% used [0x00000000eab00000,0x00000000eab7de90,0x00000000ecb80000)
  from space 5120K, 99% used [0x00000000ed080000,0x00000000ed57d708,0x00000000ed580000)
  to   space 5120K, 0% used [0x00000000ecb80000,0x00000000ecb80000,0x00000000ed080000)
 ParOldGen       total 87552K, used 5328K [0x00000000c0000000, 0x00000000c5580000, 0x00000000eab00000)
  object space 87552K, 6% used [0x00000000c0000000,0x00000000c0534118,0x00000000c5580000)
 Metaspace       used 5988K, capacity 7088K, committed 7296K, reserved 1056768K
  class space    used 564K, capacity 616K, committed 640K, reserved 1048576K

Card table byte_map: [0x00000000123f0000,0x0000000012600000] byte_map_base: 0x0000000011df0000

Marking Bits: (ParMarkBitMap*) 0x00000000730f18f0
 Begin Bits: [0x0000000012b60000, 0x0000000013b60000)
 End Bits:   [0x0000000013b60000, 0x0000000014b60000)

Polling page: 0x0000000002cc0000

CodeCache: size=245760Kb used=5876Kb max_used=5876Kb free=239883Kb
 bounds [0x0000000003030000, 0x0000000003600000, 0x0000000012030000]
 total_blobs=1772 nmethods=1510 adapters=176
 compilation: enabled

Compilation events (10 events):
Event: 2.522 Thread 0x0000000016f68800 nmethod 1527 0x00000000035d8d10 code [0x00000000035d8ec0, 0x00000000035d9738]
Event: 2.522 Thread 0x0000000016f68800 1528       3       java.lang.ref.Finalizer::hasBeenFinalized (14 bytes)
Event: 2.522 Thread 0x0000000016f68800 nmethod 1528 0x00000000035d8990 code [0x00000000035d8ae0, 0x00000000035d8c90]
Event: 2.522 Thread 0x0000000016f68800 1529   !   3       java.lang.ref.Finalizer::remove (94 bytes)
Event: 2.522 Thread 0x0000000016f68800 nmethod 1529 0x00000000035d8210 code [0x00000000035d8380, 0x00000000035d8850]
Event: 2.522 Thread 0x0000000016f68800 1530       3       java.lang.System$2::invokeFinalize (5 bytes)
Event: 2.523 Thread 0x0000000015701800 1532       4       com.android.dx.rop.code.RopMethod::labelToPredecessors (54 bytes)
Event: 2.523 Thread 0x0000000016f68800 nmethod 1530 0x00000000035d7dd0 code [0x00000000035d7f40, 0x00000000035d8168]
Event: 2.523 Thread 0x0000000016f68800 1531       3       java.lang.ref.Reference::clear (6 bytes)
Event: 2.523 Thread 0x0000000016f68800 nmethod 1531 0x00000000035d7a90 code [0x00000000035d7be0, 0x00000000035d7d50]

GC Heap History (4 events):
Event: 1.891 GC heap before
{Heap before GC invocations=1 (full 0):
 PSYoungGen      total 38400K, used 33280K [0x00000000eab00000, 0x00000000ed580000, 0x0000000100000000)
  eden space 33280K, 100% used [0x00000000eab00000,0x00000000ecb80000,0x00000000ecb80000)
  from space 5120K, 0% used [0x00000000ed080000,0x00000000ed080000,0x00000000ed580000)
  to   space 5120K, 0% used [0x00000000ecb80000,0x00000000ecb80000,0x00000000ed080000)
 ParOldGen       total 87552K, used 0K [0x00000000c0000000, 0x00000000c5580000, 0x00000000eab00000)
  object space 87552K, 0% used [0x00000000c0000000,0x00000000c0000000,0x00000000c5580000)
 Metaspace       used 5721K, capacity 6832K, committed 7040K, reserved 1056768K
  class space    used 561K, capacity 616K, committed 640K, reserved 1048576K
Event: 1.903 GC heap after
Heap after GC invocations=1 (full 0):
 PSYoungGen      total 38400K, used 5112K [0x00000000eab00000, 0x00000000ed580000, 0x0000000100000000)
  eden space 33280K, 0% used [0x00000000eab00000,0x00000000eab00000,0x00000000ecb80000)
  from space 5120K, 99% used [0x00000000ecb80000,0x00000000ed07e078,0x00000000ed080000)
  to   space 5120K, 0% used [0x00000000ed080000,0x00000000ed080000,0x00000000ed580000)
 ParOldGen       total 87552K, used 918K [0x00000000c0000000, 0x00000000c5580000, 0x00000000eab00000)
  object space 87552K, 1% used [0x00000000c0000000,0x00000000c00e5ae0,0x00000000c5580000)
 Metaspace       used 5721K, capacity 6832K, committed 7040K, reserved 1056768K
  class space    used 561K, capacity 616K, committed 640K, reserved 1048576K
}
Event: 2.365 GC heap before
{Heap before GC invocations=2 (full 0):
 PSYoungGen      total 38400K, used 38392K [0x00000000eab00000, 0x00000000ed580000, 0x0000000100000000)
  eden space 33280K, 100% used [0x00000000eab00000,0x00000000ecb80000,0x00000000ecb80000)
  from space 5120K, 99% used [0x00000000ecb80000,0x00000000ed07e078,0x00000000ed080000)
  to   space 5120K, 0% used [0x00000000ed080000,0x00000000ed080000,0x00000000ed580000)
 ParOldGen       total 87552K, used 918K [0x00000000c0000000, 0x00000000c5580000, 0x00000000eab00000)
  object space 87552K, 1% used [0x00000000c0000000,0x00000000c00e5ae0,0x00000000c5580000)
 Metaspace       used 5987K, capacity 7088K, committed 7296K, reserved 1056768K
  class space    used 564K, capacity 616K, committed 640K, reserved 1048576K
Event: 2.389 GC heap after
Heap after GC invocations=2 (full 0):
 PSYoungGen      total 38400K, used 5109K [0x00000000eab00000, 0x00000000ed580000, 0x0000000100000000)
  eden space 33280K, 0% used [0x00000000eab00000,0x00000000eab00000,0x00000000ecb80000)
  from space 5120K, 99% used [0x00000000ed080000,0x00000000ed57d708,0x00000000ed580000)
  to   space 5120K, 0% used [0x00000000ecb80000,0x00000000ecb80000,0x00000000ed080000)
 ParOldGen       total 87552K, used 5328K [0x00000000c0000000, 0x00000000c5580000, 0x00000000eab00000)
  object space 87552K, 6% used [0x00000000c0000000,0x00000000c0534118,0x00000000c5580000)
 Metaspace       used 5987K, capacity 7088K, committed 7296K, reserved 1056768K
  class space    used 564K, capacity 616K, committed 640K, reserved 1048576K
}

Deoptimization events (10 events):
Event: 1.885 Thread 0x00000000171a4000 Uncommon trap: reason=class_check action=maybe_recompile pc=0x00000000032f2b70 method=com.android.dx.rop.type.Type.equals(Ljava/lang/Object;)Z @ 8
Event: 1.885 Thread 0x00000000171a4000 Uncommon trap: reason=class_check action=maybe_recompile pc=0x00000000032f2b70 method=com.android.dx.rop.type.Type.equals(Ljava/lang/Object;)Z @ 8
Event: 1.889 Thread 0x00000000171a4000 Uncommon trap: reason=unstable_if action=reinterpret pc=0x00000000032f2e5c method=com.android.dx.rop.cst.Constant.compareTo(Lcom/android/dx/rop/cst/Constant;)I @ 12
Event: 2.058 Thread 0x00000000171d5000 Uncommon trap: reason=bimorphic action=maybe_recompile pc=0x00000000033297bc method=java.util.HashMap.getNode(ILjava/lang/Object;)Ljava/util/HashMap$Node; @ 126
Event: 2.058 Thread 0x00000000171d5000 Uncommon trap: reason=class_check action=maybe_recompile pc=0x000000000342369c method=java.util.HashMap.putVal(ILjava/lang/Object;Ljava/lang/Object;ZZ)Ljava/lang/Object; @ 203
Event: 2.059 Thread 0x00000000171d5000 Uncommon trap: reason=bimorphic action=maybe_recompile pc=0x00000000033297bc method=java.util.HashMap.getNode(ILjava/lang/Object;)Ljava/util/HashMap$Node; @ 126
Event: 2.059 Thread 0x00000000171d5000 Uncommon trap: reason=class_check action=maybe_recompile pc=0x000000000342369c method=java.util.HashMap.putVal(ILjava/lang/Object;Ljava/lang/Object;ZZ)Ljava/lang/Object; @ 203
Event: 2.059 Thread 0x00000000171d5000 Uncommon trap: reason=bimorphic action=maybe_recompile pc=0x00000000033297bc method=java.util.HashMap.getNode(ILjava/lang/Object;)Ljava/util/HashMap$Node; @ 126
Event: 2.059 Thread 0x00000000171d5000 Uncommon trap: reason=bimorphic action=maybe_recompile pc=0x00000000033297bc method=java.util.HashMap.getNode(ILjava/lang/Object;)Ljava/util/HashMap$Node; @ 126
Event: 2.322 Thread 0x00000000171d8800 Uncommon trap: reason=null_check action=make_not_entrant pc=0x000000000331ff8c method=com.android.dx.ssa.SsaRenamer.getLocalForNewReg(I)Lcom/android/dx/rop/code/LocalItem; @ 19

Internal exceptions (3 events):
Event: 0.121 Thread 0x0000000002d8d800 Exception <a 'java/lang/NoSuchMethodError': Method sun.misc.Unsafe.defineClass(Ljava/lang/String;[BII)Ljava/lang/Class; name or signature does not match> (0x00000000eab07c78) thrown at [C:\src\android\AOSP-openjdk\external\jetbrains\jdk\hotspot\src\share\v©DK39щѕ?
Event: 0.121 Thread 0x0000000002d8d800 Exception <a 'java/lang/NoSuchMethodError': Method sun.misc.Unsafe.prefetchRead(Ljava/lang/Object;J)V name or signature does not match> (0x00000000eab07f60) thrown at [C:\src\android\AOSP-openjdk\external\jetbrains\jdk\hotspot\src\share\vm\prims\jni.cpp, lя Щd)”@
Event: 2.322 Thread 0x00000000171d8800 Implicit null exception at 0x000000000331d313 to 0x000000000331ff49

Events (10 events):
Event: 2.059 Thread 0x00000000171d5000 DEOPT PACKING pc=0x00000000033297bc sp=0x000000001795e350
Event: 2.059 Thread 0x00000000171d5000 DEOPT UNPACKING pc=0x000000000307556a sp=0x000000001795e2d0 mode 2
Event: 2.059 Thread 0x00000000171d5000 Uncommon trap: trap_request=0xffffffc6 fr.pc=0x00000000033297bc
Event: 2.059 Thread 0x00000000171d5000 DEOPT PACKING pc=0x00000000033297bc sp=0x000000001795e360
Event: 2.059 Thread 0x00000000171d5000 DEOPT UNPACKING pc=0x000000000307556a sp=0x000000001795e2e0 mode 2
Event: 2.322 Thread 0x00000000171d8800 Uncommon trap: trap_request=0xfffffff4 fr.pc=0x000000000331ff8c
Event: 2.322 Thread 0x00000000171d8800 DEOPT PACKING pc=0x000000000331ff8c sp=0x0000000017a5ead0
Event: 2.322 Thread 0x00000000171d8800 DEOPT UNPACKING pc=0x000000000307556a sp=0x0000000017a5e928 mode 2
Event: 2.365 Executing VM operation: ParallelGCFailedAllocation
Event: 2.389 Executing VM operation: ParallelGCFailedAllocation done


Dynamic libraries:
0x00007ff749120000 - 0x00007ff749151000 	D:\AndroidStudio\Android Studio\jre\bin\java.exe
0x00007ff83dab0000 - 0x00007ff83dc91000 	C:\WINDOWS\SYSTEM32\ntdll.dll
0x00007ff83b2b0000 - 0x00007ff83b362000 	C:\WINDOWS\System32\KERNEL32.DLL
0x00007ff839fb0000 - 0x00007ff83a223000 	C:\WINDOWS\System32\KERNELBASE.dll
0x00007ff83b5e0000 - 0x00007ff83b681000 	C:\WINDOWS\System32\ADVAPI32.dll
0x00007ff83b150000 - 0x00007ff83b1ee000 	C:\WINDOWS\System32\msvcrt.dll
0x00007ff83b1f0000 - 0x00007ff83b24b000 	C:\WINDOWS\System32\sechost.dll
0x00007ff83d2a0000 - 0x00007ff83d3c4000 	C:\WINDOWS\System32\RPCRT4.dll
0x00007ff83d110000 - 0x00007ff83d2a0000 	C:\WINDOWS\System32\USER32.dll
0x00007ff83ad80000 - 0x00007ff83ada0000 	C:\WINDOWS\System32\win32u.dll
0x00007ff83b380000 - 0x00007ff83b3a8000 	C:\WINDOWS\System32\GDI32.dll
0x00007ff83a230000 - 0x00007ff83a3c2000 	C:\WINDOWS\System32\gdi32full.dll
0x00007ff83aea0000 - 0x00007ff83af3f000 	C:\WINDOWS\System32\msvcp_win.dll
0x00007ff83ada0000 - 0x00007ff83ae9a000 	C:\WINDOWS\System32\ucrtbase.dll
0x00007ff82d4a0000 - 0x00007ff82d709000 	C:\WINDOWS\WinSxS\amd64_microsoft.windows.common-controls_6595b64144ccf1df_6.0.17134.407_none_fb449d63306391e9\COMCTL32.dll
0x00007ff83cde0000 - 0x00007ff83d102000 	C:\WINDOWS\System32\combase.dll
0x00007ff839e80000 - 0x00007ff839efa000 	C:\WINDOWS\System32\bcryptPrimitives.dll
0x00007ff83afa0000 - 0x00007ff83afcd000 	C:\WINDOWS\System32\IMM32.DLL
0x0000000073390000 - 0x0000000073462000 	D:\AndroidStudio\Android Studio\jre\jre\bin\msvcr100.dll
0x0000000072930000 - 0x000000007316c000 	D:\AndroidStudio\Android Studio\jre\jre\bin\server\jvm.dll
0x00007ff83d470000 - 0x00007ff83d478000 	C:\WINDOWS\System32\PSAPI.DLL
0x00007ff82fe40000 - 0x00007ff82fe49000 	C:\WINDOWS\SYSTEM32\WSOCK32.dll
0x00007ff83d3e0000 - 0x00007ff83d44c000 	C:\WINDOWS\System32\WS2_32.dll
0x00007ff837aa0000 - 0x00007ff837ac3000 	C:\WINDOWS\SYSTEM32\WINMM.dll
0x00007ff830630000 - 0x00007ff83063a000 	C:\WINDOWS\SYSTEM32\VERSION.dll
0x00007ff837a70000 - 0x00007ff837a9a000 	C:\WINDOWS\SYSTEM32\WINMMBASE.dll
0x00007ff83aae0000 - 0x00007ff83ab29000 	C:\WINDOWS\System32\cfgmgr32.dll
0x00007ff82fe00000 - 0x00007ff82fe0f000 	D:\AndroidStudio\Android Studio\jre\jre\bin\verify.dll
0x00007ff82d1b0000 - 0x00007ff82d1d9000 	D:\AndroidStudio\Android Studio\jre\jre\bin\java.dll
0x00007ff82fde0000 - 0x00007ff82fdf6000 	D:\AndroidStudio\Android Studio\jre\jre\bin\zip.dll
0x00007ff83b830000 - 0x00007ff83cc6f000 	C:\WINDOWS\System32\SHELL32.dll
0x00007ff83d480000 - 0x00007ff83d529000 	C:\WINDOWS\System32\shcore.dll
0x00007ff83a3d0000 - 0x00007ff83aadd000 	C:\WINDOWS\System32\windows.storage.dll
0x00007ff83b250000 - 0x00007ff83b2a1000 	C:\WINDOWS\System32\shlwapi.dll
0x00007ff839dc0000 - 0x00007ff839dd1000 	C:\WINDOWS\System32\kernel.appcore.dll
0x00007ff839de0000 - 0x00007ff839dff000 	C:\WINDOWS\System32\profapi.dll
0x00007ff839e10000 - 0x00007ff839e5c000 	C:\WINDOWS\System32\powrprof.dll
0x00007ff839e00000 - 0x00007ff839e0a000 	C:\WINDOWS\System32\FLTLIB.DLL

VM Arguments:
jvm_args: -Djava.awt.headless=true -Xmx1024M -Dfile.encoding=windows-1251 -Duser.country=RU -Duser.language=ru -Duser.variant 
java_command: com.android.dx.command.Main --dex --num-threads=4 --output D:\AndroidStudio\ExpenseTracker\app\build\intermediates\pre-dexed\debug\classes_8b1c708421bd4367316f80b723d0821fc2799c32.jar C:\Users\Владислав\.android\build-cache\9e7ba380405c6a73f2fb7f780a3d73b34b729298\output\jars\classes.jar
java_class_path (initial): D:\AndroidStudio\sdk\build-tools\25.0.0\lib\dx.jar
Launcher Type: SUN_STANDARD

Environment Variables:
JAVA_HOME=C:\Program Files\Java\jdk1.8.0_111
PATH=C:\ProgramData\Oracle\Java\javapath;C:\WINDOWS\system32;C:\WINDOWS;C:\WINDOWS\System32\Wbem;C:\WINDOWS\System32\WindowsPowerShell\v1.0\;C:\Program Files (x86)\Windows Live\Shared;D:\3.0.0\bin\i386-Win32;C:\FPC\3.0.0\bin\i386-Win32;C:\FPC\2.6.4\bin\i386-Win32;C:\Program Files\Java\jdk1.8.0_111\bin;C:\WINDOWS\system32\config\systemprofile\.dnx\bin;C:\Program Files\Microsoft DNX\Dnvm\;C:\Program Files\Microsoft SQL Server\120\Tools\Binn\;C:\Program Files\Microsoft SQL Server\130\Tools\Binn\;C:\Program Files (x86)\NVIDIA Corporation\Cg\bin;C:\Program Files\Common Files\Autodesk Shared\;C:\Program Files (x86)\Autodesk\Backburner\;C:\WINDOWS\System32\OpenSSH\;C:\Program Files\wget;C:\Python36\Scripts\;C:\Python36\;C:\RailsInstaller\Git\cmd;C:\RailsInstaller\Ruby2.3.0\bin;C:\Users\Владислав\AppData\Local\Microsoft\WindowsApps;;C:\Users\Владислав\AppData\Local\Programs\Microsoft VS Code\bin
USERNAME=Владислав
OS=Windows_NT
PROCESSOR_IDENTIFIER=Intel64 Family 6 Model 58 Stepping 9, GenuineIntel



---------------  S Y S T E M  ---------------

OS: Windows 10.0 , 64 bit Build 17134 (10.0.17134.1)

CPU:total 4 (2 cores per cpu, 2 threads per core) family 6 model 58 stepping 9, cmov, cx8, fxsr, mmx, sse, sse2, sse3, ssse3, sse4.1, sse4.2, popcnt, avx, clmul, erms, ht, tsc, tscinvbit, tscinv

Memory: 4k page, physical 8271472k(1347384k free), swap 8271472k(1440k free)

vm_info: OpenJDK 64-Bit Server VM (25.112-b06) for windows-amd64 JRE (1.8.0_112-release-b06), built on Dec  8 2016 00:54:26 by "builder" with MS VC++ 10.0 (VS2010)

time: Thu Nov 29 23:36:52 2018
elapsed time: 2 seconds (0d 0h 0m 2s)

