#
# There is insufficient memory for the Java Runtime Environment to continue.
# Native memory allocation (malloc) failed to allocate 286576 bytes for Chunk::new
# Possible reasons:
#   The system is out of physical RAM or swap space
#   In 32 bit mode, the process size limit was hit
# Possible solutions:
#   Reduce memory load on the system
#   Increase physical memory or swap space
#   Check if swap backing store is full
#   Use 64 bit Java on a 64 bit OS
#   Decrease Java heap size (-Xmx/-Xms)
#   Decrease number of Java threads
#   Decrease Java thread stack sizes (-Xss)
#   Set larger code cache with -XX:ReservedCodeCacheSize=
# This output file may be truncated or incomplete.
#
#  Out of Memory Error (allocation.cpp:390), pid=5544, tid=0x0000000000002cc8
#
# JRE version: OpenJDK Runtime Environment (8.0_112-b06) (build 1.8.0_112-release-b06)
# Java VM: OpenJDK 64-Bit Server VM (25.112-b06 mixed mode windows-amd64 compressed oops)
# Failed to write core dump. Minidumps are not enabled by default on client versions of Windows
#

---------------  T H R E A D  ---------------

Current thread (0x0000000014bb3800):  JavaThread "C2 CompilerThread0" daemon [_thread_in_native, id=11464, stack(0x0000000016200000,0x0000000016300000)]

Stack: [0x0000000016200000,0x0000000016300000]
[error occurred during error reporting (printing stack bounds), id 0xc0000005]

Native frames: (J=compiled Java code, j=interpreted, Vv=VM code, C=native code)


Current CompileTask:
C2:   3367 1504   !   4       com.android.dx.cf.code.BytecodeArray::parseInstruction (2764 bytes)


---------------  P R O C E S S  ---------------

Java Threads: ( => current thread )
  0x0000000016755000 JavaThread "pool-1-thread-4" [_thread_blocked, id=12164, stack(0x0000000016f00000,0x0000000017000000)]
  0x0000000016792000 JavaThread "pool-1-thread-3" [_thread_blocked, id=3292, stack(0x0000000016e00000,0x0000000016f00000)]
  0x0000000016754800 JavaThread "pool-1-thread-2" [_thread_in_vm, id=2680, stack(0x0000000016d00000,0x0000000016e00000)]
  0x0000000016844800 JavaThread "pool-2-thread-1" [_thread_blocked, id=7036, stack(0x0000000016c00000,0x0000000016d00000)]
  0x0000000016844000 JavaThread "pool-1-thread-1" [_thread_blocked, id=728, stack(0x0000000016b00000,0x0000000016c00000)]
  0x0000000016505000 JavaThread "Service Thread" daemon [_thread_blocked, id=928, stack(0x0000000016900000,0x0000000016a00000)]
  0x000000000242e800 JavaThread "C1 CompilerThread2" daemon [_thread_blocked, id=12048, stack(0x0000000016400000,0x0000000016500000)]
  0x000000000242b000 JavaThread "C2 CompilerThread1" daemon [_thread_in_native, id=4120, stack(0x0000000016300000,0x0000000016400000)]
=>0x0000000014bb3800 JavaThread "C2 CompilerThread0" daemon [_thread_in_native, id=11464, stack(0x0000000016200000,0x0000000016300000)]
  0x0000000014bb2000 JavaThread "Attach Listener" daemon [_thread_blocked, id=12256, stack(0x0000000016100000,0x0000000016200000)]
  0x0000000014baf000 JavaThread "Signal Dispatcher" daemon [_thread_blocked, id=10448, stack(0x0000000016000000,0x0000000016100000)]
  0x0000000002425800 JavaThread "Finalizer" daemon [_thread_blocked, id=11448, stack(0x0000000015e00000,0x0000000015f00000)]
  0x0000000002420800 JavaThread "Reference Handler" daemon [_thread_blocked, id=11092, stack(0x0000000015d00000,0x0000000015e00000)]
  0x00000000024dd800 JavaThread "main" [_thread_blocked, id=1880, stack(0x0000000000a00000,0x0000000000b00000)]

Other Threads:
  0x0000000014b75000 VMThread [stack: 0x0000000015c00000,0x0000000015d00000] [id=1728]
  0x0000000016506800 WatcherThread [stack: 0x0000000016a00000,0x0000000016b00000] [id=10872]

VM state:not at safepoint (normal execution)

VM Mutex/Monitor currently owned by a thread: None

Heap:
 PSYoungGen      total 38400K, used 15515K [0x00000000eab00000, 0x00000000ed580000, 0x0000000100000000)
  eden space 33280K, 31% used [0x00000000eab00000,0x00000000eb52a068,0x00000000ecb80000)
  from space 5120K, 99% used [0x00000000ed080000,0x00000000ed57cc68,0x00000000ed580000)
  to   space 5120K, 0% used [0x00000000ecb80000,0x00000000ecb80000,0x00000000ed080000)
 ParOldGen       total 87552K, used 5321K [0x00000000c0000000, 0x00000000c5580000, 0x00000000eab00000)
  object space 87552K, 6% used [0x00000000c0000000,0x00000000c0532548,0x00000000c5580000)
 Metaspace       used 6013K, capacity 7088K, committed 7296K, reserved 1056768K
  class space    used 566K, capacity 616K, committed 640K, reserved 1048576K

Card table byte_map: [0x00000000118a0000,0x0000000011ab0000] byte_map_base: 0x00000000112a0000

Marking Bits: (ParMarkBitMap*) 0x00000000730f18f0
 Begin Bits: [0x0000000012010000, 0x0000000013010000)
 End Bits:   [0x0000000013010000, 0x0000000014010000)

Polling page: 0x0000000000520000

CodeCache: size=245760Kb used=6446Kb max_used=6446Kb free=239313Kb
 bounds [0x00000000024e0000, 0x0000000002b40000, 0x00000000114e0000]
 total_blobs=1809 nmethods=1547 adapters=176
 compilation: enabled

Compilation events (10 events):
Event: 3.133 Thread 0x000000000242e800 1559       2       com.android.dx.util.LabeledList::set (45 bytes)
Event: 3.133 Thread 0x000000000242e800 nmethod 1559 0x0000000002b2a610 code [0x0000000002b2a800, 0x0000000002b2adc8]
Event: 3.133 Thread 0x000000000242e800 1566       2       com.android.dx.ssa.back.SsaToRop$PhiVisitor::visitPhiInsn (67 bytes)
Event: 3.135 Thread 0x000000000242e800 nmethod 1566 0x0000000002b29510 code [0x0000000002b29700, 0x0000000002b29ca8]
Event: 3.135 Thread 0x000000000242e800 1562       2       com.android.dx.util.IntList::equals (82 bytes)
Event: 3.135 Thread 0x000000000242e800 nmethod 1562 0x0000000002b28e50 code [0x0000000002b28fc0, 0x0000000002b292d0]
Event: 3.135 Thread 0x000000000242e800 1565       2       com.android.dx.dex.file.CodeItem::<init> (81 bytes)
Event: 3.135 Thread 0x000000000242e800 nmethod 1565 0x0000000002b161d0 code [0x0000000002b16380, 0x0000000002b16798]
Event: 3.135 Thread 0x000000000242e800 1558       2       com.android.dx.rop.code.Rops::opReturn (89 bytes)
Event: 3.136 Thread 0x000000000242e800 nmethod 1558 0x0000000002b30dd0 code [0x0000000002b30fa0, 0x0000000002b31498]

GC Heap History (4 events):
Event: 1.667 GC heap before
{Heap before GC invocations=1 (full 0):
 PSYoungGen      total 38400K, used 33280K [0x00000000eab00000, 0x00000000ed580000, 0x0000000100000000)
  eden space 33280K, 100% used [0x00000000eab00000,0x00000000ecb80000,0x00000000ecb80000)
  from space 5120K, 0% used [0x00000000ed080000,0x00000000ed080000,0x00000000ed580000)
  to   space 5120K, 0% used [0x00000000ecb80000,0x00000000ecb80000,0x00000000ed080000)
 ParOldGen       total 87552K, used 0K [0x00000000c0000000, 0x00000000c5580000, 0x00000000eab00000)
  object space 87552K, 0% used [0x00000000c0000000,0x00000000c0000000,0x00000000c5580000)
 Metaspace       used 5790K, capacity 6896K, committed 7040K, reserved 1056768K
  class space    used 561K, capacity 616K, committed 640K, reserved 1048576K
Event: 1.681 GC heap after
Heap after GC invocations=1 (full 0):
 PSYoungGen      total 38400K, used 5089K [0x00000000eab00000, 0x00000000ed580000, 0x0000000100000000)
  eden space 33280K, 0% used [0x00000000eab00000,0x00000000eab00000,0x00000000ecb80000)
  from space 5120K, 99% used [0x00000000ecb80000,0x00000000ed078460,0x00000000ed080000)
  to   space 5120K, 0% used [0x00000000ed080000,0x00000000ed080000,0x00000000ed580000)
 ParOldGen       total 87552K, used 932K [0x00000000c0000000, 0x00000000c5580000, 0x00000000eab00000)
  object space 87552K, 1% used [0x00000000c0000000,0x00000000c00e9360,0x00000000c5580000)
 Metaspace       used 5790K, capacity 6896K, committed 7040K, reserved 1056768K
  class space    used 561K, capacity 616K, committed 640K, reserved 1048576K
}
Event: 2.815 GC heap before
{Heap before GC invocations=2 (full 0):
 PSYoungGen      total 38400K, used 38369K [0x00000000eab00000, 0x00000000ed580000, 0x0000000100000000)
  eden space 33280K, 100% used [0x00000000eab00000,0x00000000ecb80000,0x00000000ecb80000)
  from space 5120K, 99% used [0x00000000ecb80000,0x00000000ed078460,0x00000000ed080000)
  to   space 5120K, 0% used [0x00000000ed080000,0x00000000ed080000,0x00000000ed580000)
 ParOldGen       total 87552K, used 932K [0x00000000c0000000, 0x00000000c5580000, 0x00000000eab00000)
  object space 87552K, 1% used [0x00000000c0000000,0x00000000c00e9360,0x00000000c5580000)
 Metaspace       used 6003K, capacity 7088K, committed 7296K, reserved 1056768K
  class space    used 564K, capacity 616K, committed 640K, reserved 1048576K
Event: 2.974 GC heap after
Heap after GC invocations=2 (full 0):
 PSYoungGen      total 38400K, used 5107K [0x00000000eab00000, 0x00000000ed580000, 0x0000000100000000)
  eden space 33280K, 0% used [0x00000000eab00000,0x00000000eab00000,0x00000000ecb80000)
  from space 5120K, 99% used [0x00000000ed080000,0x00000000ed57cc68,0x00000000ed580000)
  to   space 5120K, 0% used [0x00000000ecb80000,0x00000000ecb80000,0x00000000ed080000)
 ParOldGen       total 87552K, used 5321K [0x00000000c0000000, 0x00000000c5580000, 0x00000000eab00000)
  object space 87552K, 6% used [0x00000000c0000000,0x00000000c0532548,0x00000000c5580000)
 Metaspace       used 6003K, capacity 7088K, committed 7296K, reserved 1056768K
  class space    used 564K, capacity 616K, committed 640K, reserved 1048576K
}

Deoptimization events (10 events):
Event: 2.709 Thread 0x0000000016755000 Uncommon trap: reason=bimorphic action=maybe_recompile pc=0x00000000029e2d54 method=com.android.dx.cf.code.BytecodeArray.parseInstruction(ILcom/android/dx/cf/code/BytecodeArray$Visitor;)I @ 955
Event: 2.709 Thread 0x0000000016755000 Uncommon trap: reason=bimorphic action=maybe_recompile pc=0x00000000029e0c3c method=com.android.dx.cf.code.BytecodeArray.parseInstruction(ILcom/android/dx/cf/code/BytecodeArray$Visitor;)I @ 1597
Event: 2.710 Thread 0x0000000016755000 Uncommon trap: reason=bimorphic action=maybe_recompile pc=0x00000000029e2d54 method=com.android.dx.cf.code.BytecodeArray.parseInstruction(ILcom/android/dx/cf/code/BytecodeArray$Visitor;)I @ 955
Event: 2.774 Thread 0x0000000016844000 Uncommon trap: reason=null_check action=make_not_entrant pc=0x000000000279d9b8 method=com.android.dx.ssa.SsaRenamer.getLocalForNewReg(I)Lcom/android/dx/rop/code/LocalItem; @ 19
Event: 2.991 Thread 0x0000000016754800 Uncommon trap: reason=unstable_if action=reinterpret pc=0x0000000002ab51d8 method=com.android.dx.rop.code.RegisterSpecSet.put(Lcom/android/dx/rop/code/RegisterSpec;)V @ 77
Event: 2.991 Thread 0x0000000016754800 Uncommon trap: reason=unstable_if action=reinterpret pc=0x00000000027f022c method=com.android.dx.rop.code.RegisterSpecSet.put(Lcom/android/dx/rop/code/RegisterSpec;)V @ 77
Event: 2.991 Thread 0x0000000016754800 Uncommon trap: reason=unstable_if action=reinterpret pc=0x00000000027ab9ac method=com.android.dx.rop.code.RegisterSpecSet.put(Lcom/android/dx/rop/code/RegisterSpec;)V @ 77
Event: 3.017 Thread 0x0000000016844000 Uncommon trap: reason=unstable_if action=reinterpret pc=0x0000000002af0074 method=com.android.dx.util.LabeledList.set(ILcom/android/dx/util/LabeledItem;)V @ 16
Event: 3.082 Thread 0x0000000016844000 Uncommon trap: reason=class_check action=maybe_recompile pc=0x0000000002972490 method=java.util.HashMap.putVal(ILjava/lang/Object;Ljava/lang/Object;ZZ)Ljava/lang/Object; @ 203
Event: 3.096 Thread 0x0000000016844000 Uncommon trap: reason=class_check action=maybe_recompile pc=0x0000000002972490 method=java.util.HashMap.putVal(ILjava/lang/Object;Ljava/lang/Object;ZZ)Ljava/lang/Object; @ 203

Internal exceptions (3 events):
Event: 0.090 Thread 0x00000000024dd800 Exception <a 'java/lang/NoSuchMethodError': Method sun.misc.Unsafe.defineClass(Ljava/lang/String;[BII)Ljava/lang/Class; name or signature does not match> (0x00000000eab07c78) thrown at [C:\src\android\AOSP-openjdk\external\jetbrains\jdk\hotspot\src\share\vґµ?2Ґ"Ј?
Event: 0.090 Thread 0x00000000024dd800 Exception <a 'java/lang/NoSuchMethodError': Method sun.misc.Unsafe.prefetchRead(Ljava/lang/Object;J)V name or signature does not match> (0x00000000eab07f60) thrown at [C:\src\android\AOSP-openjdk\external\jetbrains\jdk\hotspot\src\share\vm\prims\jni.cpp, l0ТЌю1@
Event: 2.774 Thread 0x0000000016844000 Implicit null exception at 0x000000000279b4f4 to 0x000000000279d971

Events (10 events):
Event: 2.991 loading class java/util/HashMap$ValueIterator done
Event: 3.017 Thread 0x0000000016844000 Uncommon trap: trap_request=0xffffff65 fr.pc=0x0000000002af0074
Event: 3.017 Thread 0x0000000016844000 DEOPT PACKING pc=0x0000000002af0074 sp=0x0000000016bfe530
Event: 3.017 Thread 0x0000000016844000 DEOPT UNPACKING pc=0x000000000252556a sp=0x0000000016bfe4f8 mode 2
Event: 3.082 Thread 0x0000000016844000 Uncommon trap: trap_request=0xffffffde fr.pc=0x0000000002972490
Event: 3.082 Thread 0x0000000016844000 DEOPT PACKING pc=0x0000000002972490 sp=0x0000000016bfe5d0
Event: 3.082 Thread 0x0000000016844000 DEOPT UNPACKING pc=0x000000000252556a sp=0x0000000016bfe558 mode 2
Event: 3.096 Thread 0x0000000016844000 Uncommon trap: trap_request=0xffffffde fr.pc=0x0000000002972490
Event: 3.096 Thread 0x0000000016844000 DEOPT PACKING pc=0x0000000002972490 sp=0x0000000016bfe450
Event: 3.096 Thread 0x0000000016844000 DEOPT UNPACKING pc=0x000000000252556a sp=0x0000000016bfe3d8 mode 2


Dynamic libraries:
0x00007ff749120000 - 0x00007ff749151000 	D:\AndroidStudio\Android Studio\jre\bin\java.exe
0x00007ff83dab0000 - 0x00007ff83dc91000 	C:\WINDOWS\SYSTEM32\ntdll.dll
0x00007ff83b2b0000 - 0x00007ff83b362000 	C:\WINDOWS\System32\KERNEL32.DLL
0x00007ff839fb0000 - 0x00007ff83a223000 	C:\WINDOWS\System32\KERNELBASE.dll
0x00007ff83b5e0000 - 0x00007ff83b681000 	C:\WINDOWS\System32\ADVAPI32.dll
0x00007ff83b150000 - 0x00007ff83b1ee000 	C:\WINDOWS\System32\msvcrt.dll
0x00007ff83b1f0000 - 0x00007ff83b24b000 	C:\WINDOWS\System32\sechost.dll
0x00007ff83d2a0000 - 0x00007ff83d3c4000 	C:\WINDOWS\System32\RPCRT4.dll
0x00007ff83d110000 - 0x00007ff83d2a0000 	C:\WINDOWS\System32\USER32.dll
0x00007ff83ad80000 - 0x00007ff83ada0000 	C:\WINDOWS\System32\win32u.dll
0x00007ff83b380000 - 0x00007ff83b3a8000 	C:\WINDOWS\System32\GDI32.dll
0x00007ff83a230000 - 0x00007ff83a3c2000 	C:\WINDOWS\System32\gdi32full.dll
0x00007ff83aea0000 - 0x00007ff83af3f000 	C:\WINDOWS\System32\msvcp_win.dll
0x00007ff83ada0000 - 0x00007ff83ae9a000 	C:\WINDOWS\System32\ucrtbase.dll
0x00007ff82d4a0000 - 0x00007ff82d709000 	C:\WINDOWS\WinSxS\amd64_microsoft.windows.common-controls_6595b64144ccf1df_6.0.17134.407_none_fb449d63306391e9\COMCTL32.dll
0x00007ff83cde0000 - 0x00007ff83d102000 	C:\WINDOWS\System32\combase.dll
0x00007ff839e80000 - 0x00007ff839efa000 	C:\WINDOWS\System32\bcryptPrimitives.dll
0x00007ff83afa0000 - 0x00007ff83afcd000 	C:\WINDOWS\System32\IMM32.DLL
0x0000000073390000 - 0x0000000073462000 	D:\AndroidStudio\Android Studio\jre\jre\bin\msvcr100.dll
0x0000000072930000 - 0x000000007316c000 	D:\AndroidStudio\Android Studio\jre\jre\bin\server\jvm.dll
0x00007ff83d470000 - 0x00007ff83d478000 	C:\WINDOWS\System32\PSAPI.DLL
0x00007ff82fe40000 - 0x00007ff82fe49000 	C:\WINDOWS\SYSTEM32\WSOCK32.dll
0x00007ff83d3e0000 - 0x00007ff83d44c000 	C:\WINDOWS\System32\WS2_32.dll
0x00007ff837aa0000 - 0x00007ff837ac3000 	C:\WINDOWS\SYSTEM32\WINMM.dll
0x00007ff830630000 - 0x00007ff83063a000 	C:\WINDOWS\SYSTEM32\VERSION.dll
0x00007ff837a70000 - 0x00007ff837a9a000 	C:\WINDOWS\SYSTEM32\winmmbase.dll
0x00007ff83aae0000 - 0x00007ff83ab29000 	C:\WINDOWS\System32\cfgmgr32.dll
0x00007ff82fe00000 - 0x00007ff82fe0f000 	D:\AndroidStudio\Android Studio\jre\jre\bin\verify.dll
0x00007ff82d1b0000 - 0x00007ff82d1d9000 	D:\AndroidStudio\Android Studio\jre\jre\bin\java.dll
0x00007ff82fde0000 - 0x00007ff82fdf6000 	D:\AndroidStudio\Android Studio\jre\jre\bin\zip.dll
0x00007ff83b830000 - 0x00007ff83cc6f000 	C:\WINDOWS\System32\SHELL32.dll
0x00007ff83d480000 - 0x00007ff83d529000 	C:\WINDOWS\System32\shcore.dll
0x00007ff83a3d0000 - 0x00007ff83aadd000 	C:\WINDOWS\System32\windows.storage.dll
0x00007ff83b250000 - 0x00007ff83b2a1000 	C:\WINDOWS\System32\shlwapi.dll
0x00007ff839dc0000 - 0x00007ff839dd1000 	C:\WINDOWS\System32\kernel.appcore.dll
0x00007ff839de0000 - 0x00007ff839dff000 	C:\WINDOWS\System32\profapi.dll
0x00007ff839e10000 - 0x00007ff839e5c000 	C:\WINDOWS\System32\powrprof.dll
0x00007ff839e00000 - 0x00007ff839e0a000 	C:\WINDOWS\System32\FLTLIB.DLL

VM Arguments:
jvm_args: -Djava.awt.headless=true -Xmx1024M -Dfile.encoding=windows-1251 -Duser.country=RU -Duser.language=ru -Duser.variant 
java_command: com.android.dx.command.Main --dex --num-threads=4 --output D:\AndroidStudio\ExpenseTracker\app\build\intermediates\pre-dexed\debug\classes_8b1c708421bd4367316f80b723d0821fc2799c32.jar C:\Users\¬ладислав\.android\build-cache\9e7ba380405c6a73f2fb7f780a3d73b34b729298\output\jars\classes.jar
java_class_path (initial): D:\AndroidStudio\sdk\build-tools\25.0.0\lib\dx.jar
Launcher Type: SUN_STANDARD

Environment Variables:
JAVA_HOME=C:\Program Files\Java\jdk1.8.0_111
PATH=C:\ProgramData\Oracle\Java\javapath;C:\WINDOWS\system32;C:\WINDOWS;C:\WINDOWS\System32\Wbem;C:\WINDOWS\System32\WindowsPowerShell\v1.0\;C:\Program Files (x86)\Windows Live\Shared;D:\3.0.0\bin\i386-Win32;C:\FPC\3.0.0\bin\i386-Win32;C:\FPC\2.6.4\bin\i386-Win32;C:\Program Files\Java\jdk1.8.0_111\bin;C:\WINDOWS\system32\config\systemprofile\.dnx\bin;C:\Program Files\Microsoft DNX\Dnvm\;C:\Program Files\Microsoft SQL Server\120\Tools\Binn\;C:\Program Files\Microsoft SQL Server\130\Tools\Binn\;C:\Program Files (x86)\NVIDIA Corporation\Cg\bin;C:\Program Files\Common Files\Autodesk Shared\;C:\Program Files (x86)\Autodesk\Backburner\;C:\WINDOWS\System32\OpenSSH\;C:\Program Files\wget;C:\Python36\Scripts\;C:\Python36\;C:\RailsInstaller\Git\cmd;C:\RailsInstaller\Ruby2.3.0\bin;C:\Users\¬ладислав\AppData\Local\Microsoft\WindowsApps;;C:\Users\¬ладислав\AppData\Local\Programs\Microsoft VS Code\bin
USERNAME=¬ладислав
OS=Windows_NT
PROCESSOR_IDENTIFIER=Intel64 Family 6 Model 58 Stepping 9, GenuineIntel



---------------  S Y S T E M  ---------------

OS: Windows 10.0 , 64 bit Build 17134 (10.0.17134.1)

CPU:total 4 (2 cores per cpu, 2 threads per core) family 6 model 58 stepping 9, cmov, cx8, fxsr, mmx, sse, sse2, sse3, ssse3, sse4.1, sse4.2, popcnt, avx, clmul, erms, ht, tsc, tscinvbit, tscinv

Memory: 4k page, physical 8271472k(1026452k free), swap 8271472k(3436k free)

vm_info: OpenJDK 64-Bit Server VM (25.112-b06) for windows-amd64 JRE (1.8.0_112-release-b06), built on Dec  8 2016 00:54:26 by "builder" with MS VC++ 10.0 (VS2010)

time: Thu Nov 29 23:40:58 2018
elapsed time: 3 seconds (0d 0h 0m 3s)

