#
# There is insufficient memory for the Java Runtime Environment to continue.
# Native memory allocation (malloc) failed to allocate 131088 bytes for Chunk::new
# Possible reasons:
#   The system is out of physical RAM or swap space
#   In 32 bit mode, the process size limit was hit
# Possible solutions:
#   Reduce memory load on the system
#   Increase physical memory or swap space
#   Check if swap backing store is full
#   Use 64 bit Java on a 64 bit OS
#   Decrease Java heap size (-Xmx/-Xms)
#   Decrease number of Java threads
#   Decrease Java thread stack sizes (-Xss)
#   Set larger code cache with -XX:ReservedCodeCacheSize=
# This output file may be truncated or incomplete.
#
#  Out of Memory Error (allocation.cpp:390), pid=5384, tid=0x00000000000008a4
#
# JRE version: OpenJDK Runtime Environment (8.0_112-b06) (build 1.8.0_112-release-b06)
# Java VM: OpenJDK 64-Bit Server VM (25.112-b06 mixed mode windows-amd64 compressed oops)
# Failed to write core dump. Minidumps are not enabled by default on client versions of Windows
#

---------------  T H R E A D  ---------------

Current thread (0x0000000015693800):  JavaThread "C2 CompilerThread0" daemon [_thread_in_native, id=2212, stack(0x0000000016cf0000,0x0000000016df0000)]

Stack: [0x0000000016cf0000,0x0000000016df0000]
[error occurred during error reporting (printing stack bounds), id 0xc0000005]

Native frames: (J=compiled Java code, j=interpreted, Vv=VM code, C=native code)


Current CompileTask:
C2:   5462 1416       4       com.android.dx.ssa.SCCP::simulatePhi (169 bytes)


---------------  P R O C E S S  ---------------

Java Threads: ( => current thread )
  0x00000000172f3000 JavaThread "pool-1-thread-4" [_thread_blocked, id=9904, stack(0x00000000179f0000,0x0000000017af0000)]
  0x00000000172f2000 JavaThread "pool-1-thread-3" [_thread_blocked, id=6056, stack(0x00000000178f0000,0x00000000179f0000)]
  0x0000000017338800 JavaThread "pool-1-thread-2" [_thread_blocked, id=11844, stack(0x00000000177f0000,0x00000000178f0000)]
  0x0000000017333800 JavaThread "pool-2-thread-1" [_thread_blocked, id=6096, stack(0x00000000176f0000,0x00000000177f0000)]
  0x0000000017333000 JavaThread "pool-1-thread-1" [_thread_blocked, id=9360, stack(0x00000000175f0000,0x00000000176f0000)]
  0x00000000156eb000 JavaThread "Service Thread" daemon [_thread_blocked, id=10624, stack(0x00000000173f0000,0x00000000174f0000)]
  0x00000000156e6800 JavaThread "C1 CompilerThread2" daemon [_thread_blocked, id=808, stack(0x0000000016ef0000,0x0000000016ff0000)]
  0x0000000015696800 JavaThread "C2 CompilerThread1" daemon [_thread_blocked, id=1676, stack(0x0000000016df0000,0x0000000016ef0000)]
=>0x0000000015693800 JavaThread "C2 CompilerThread0" daemon [_thread_in_native, id=2212, stack(0x0000000016cf0000,0x0000000016df0000)]
  0x0000000015692000 JavaThread "Attach Listener" daemon [_thread_blocked, id=8404, stack(0x0000000016bf0000,0x0000000016cf0000)]
  0x000000001568f000 JavaThread "Signal Dispatcher" daemon [_thread_blocked, id=11616, stack(0x0000000016af0000,0x0000000016bf0000)]
  0x0000000015678000 JavaThread "Finalizer" daemon [_thread_blocked, id=7484, stack(0x00000000168f0000,0x00000000169f0000)]
  0x0000000002fb0800 JavaThread "Reference Handler" daemon [_thread_blocked, id=11316, stack(0x00000000167f0000,0x00000000168f0000)]
  0x0000000002d7d800 JavaThread "main" [_thread_blocked, id=5732, stack(0x0000000002d80000,0x0000000002e80000)]

Other Threads:
  0x0000000015656000 VMThread [stack: 0x00000000166f0000,0x00000000167f0000] [id=7712]
  0x00000000156ec000 WatcherThread [stack: 0x00000000174f0000,0x00000000175f0000] [id=9668]

VM state:at safepoint (normal execution)

VM Mutex/Monitor currently owned by a thread:  ([mutex/lock_event])
[0x0000000002d7d0a0] Threads_lock - owner thread: 0x0000000015656000
[0x0000000002d7d520] Heap_lock - owner thread: 0x0000000002d7d800

Heap:
 PSYoungGen      total 38400K, used 38376K [0x00000000eab00000, 0x00000000ed580000, 0x0000000100000000)
  eden space 33280K, 100% used [0x00000000eab00000,0x00000000ecb80000,0x00000000ecb80000)
  from space 5120K, 99% used [0x00000000ecb80000,0x00000000ed07a098,0x00000000ed080000)
  to   space 5120K, 99% used [0x00000000ed080000,0x00000000ed57c6b0,0x00000000ed580000)
 ParOldGen       total 87552K, used 5424K [0x00000000c0000000, 0x00000000c5580000, 0x00000000eab00000)
  object space 87552K, 6% used [0x00000000c0000000,0x00000000c054c080,0x00000000c5580000)
 Metaspace       used 5996K, capacity 7088K, committed 7296K, reserved 1056768K
  class space    used 566K, capacity 616K, committed 640K, reserved 1048576K

Card table byte_map: [0x0000000012380000,0x0000000012590000] byte_map_base: 0x0000000011d80000

Marking Bits: (ParMarkBitMap*) 0x00000000730f18f0
 Begin Bits: [0x0000000012af0000, 0x0000000013af0000)
 End Bits:   [0x0000000013af0000, 0x0000000014af0000)

Polling page: 0x0000000001160000

CodeCache: size=245760Kb used=6430Kb max_used=6441Kb free=239329Kb
 bounds [0x0000000002fc0000, 0x0000000003620000, 0x0000000011fc0000]
 total_blobs=1765 nmethods=1503 adapters=176
 compilation: enabled

Compilation events (10 events):
Event: 5.388 Thread 0x0000000015696800 nmethod 1432 0x000000000360add0 code [0x000000000360af00, 0x000000000360b038]
Event: 5.388 Thread 0x0000000015696800 1441       4       com.android.dx.ssa.SsaInsn::<init> (29 bytes)
Event: 5.389 Thread 0x0000000015696800 nmethod 1441 0x0000000003581650 code [0x0000000003581780, 0x0000000003581818]
Event: 5.389 Thread 0x0000000015696800 1434       4       com.android.dx.rop.code.RegisterSpec::intersect (169 bytes)
Event: 5.393 Thread 0x0000000015696800 nmethod 1434 0x000000000360a850 code [0x000000000360a9c0, 0x000000000360abe0]
Event: 5.393 Thread 0x0000000015696800 1423       4       com.android.dx.ssa.SsaRenamer$BlockRenamer$RenamingMapper::map (28 bytes)
Event: 5.395 Thread 0x0000000015696800 nmethod 1423 0x0000000003610c50 code [0x0000000003610da0, 0x0000000003610ea8]
Event: 5.395 Thread 0x0000000015696800 1437   !   4       java.util.BitSet::clone (49 bytes)
Event: 5.398 Thread 0x0000000015696800 nmethod 1437 0x000000000360a290 code [0x000000000360a400, 0x000000000360a628]
Event: 5.398 Thread 0x0000000015696800 1421       4       com.android.dx.rop.code.BasicBlockList::preferredSuccessorOf (77 bytes)

GC Heap History (3 events):
Event: 2.846 GC heap before
{Heap before GC invocations=1 (full 0):
 PSYoungGen      total 38400K, used 33280K [0x00000000eab00000, 0x00000000ed580000, 0x0000000100000000)
  eden space 33280K, 100% used [0x00000000eab00000,0x00000000ecb80000,0x00000000ecb80000)
  from space 5120K, 0% used [0x00000000ed080000,0x00000000ed080000,0x00000000ed580000)
  to   space 5120K, 0% used [0x00000000ecb80000,0x00000000ecb80000,0x00000000ed080000)
 ParOldGen       total 87552K, used 0K [0x00000000c0000000, 0x00000000c5580000, 0x00000000eab00000)
  object space 87552K, 0% used [0x00000000c0000000,0x00000000c0000000,0x00000000c5580000)
 Metaspace       used 5721K, capacity 6832K, committed 7040K, reserved 1056768K
  class space    used 565K, capacity 616K, committed 640K, reserved 1048576K
Event: 2.860 GC heap after
Heap after GC invocations=1 (full 0):
 PSYoungGen      total 38400K, used 5096K [0x00000000eab00000, 0x00000000ed580000, 0x0000000100000000)
  eden space 33280K, 0% used [0x00000000eab00000,0x00000000eab00000,0x00000000ecb80000)
  from space 5120K, 99% used [0x00000000ecb80000,0x00000000ed07a098,0x00000000ed080000)
  to   space 5120K, 0% used [0x00000000ed080000,0x00000000ed080000,0x00000000ed580000)
 ParOldGen       total 87552K, used 1059K [0x00000000c0000000, 0x00000000c5580000, 0x00000000eab00000)
  object space 87552K, 1% used [0x00000000c0000000,0x00000000c0108f98,0x00000000c5580000)
 Metaspace       used 5721K, capacity 6832K, committed 7040K, reserved 1056768K
  class space    used 565K, capacity 616K, committed 640K, reserved 1048576K
}
Event: 5.402 GC heap before
{Heap before GC invocations=2 (full 0):
 PSYoungGen      total 38400K, used 38376K [0x00000000eab00000, 0x00000000ed580000, 0x0000000100000000)
  eden space 33280K, 100% used [0x00000000eab00000,0x00000000ecb80000,0x00000000ecb80000)
  from space 5120K, 99% used [0x00000000ecb80000,0x00000000ed07a098,0x00000000ed080000)
  to   space 5120K, 0% used [0x00000000ed080000,0x00000000ed080000,0x00000000ed580000)
 ParOldGen       total 87552K, used 1933K [0x00000000c0000000, 0x00000000c5580000, 0x00000000eab00000)
  object space 87552K, 2% used [0x00000000c0000000,0x00000000c01e3500,0x00000000c5580000)
 Metaspace       used 5996K, capacity 7088K, committed 7296K, reserved 1056768K
  class space    used 566K, capacity 616K, committed 640K, reserved 1048576K

Deoptimization events (10 events):
Event: 2.359 Thread 0x0000000002d7d800 Uncommon trap: reason=unstable_if action=reinterpret pc=0x00000000031dbff4 method=java.util.BitSet.ensureCapacity(I)V @ 6
Event: 2.392 Thread 0x0000000017333000 Uncommon trap: reason=unstable_if action=reinterpret pc=0x00000000031debe4 method=java.util.HashMap.getNode(ILjava/lang/Object;)Ljava/util/HashMap$Node; @ 129
Event: 3.079 Thread 0x00000000172f3000 Uncommon trap: reason=unstable_if action=reinterpret pc=0x0000000003244074 method=com.android.dx.rop.code.LocalItem.hashCode()I @ 25
Event: 4.379 Thread 0x00000000172f3000 Uncommon trap: reason=unstable_if action=reinterpret pc=0x0000000003235a1c method=com.android.dx.rop.cst.Constant.compareTo(Lcom/android/dx/rop/cst/Constant;)I @ 12
Event: 5.133 Thread 0x00000000172f3000 Uncommon trap: reason=unstable_if action=reinterpret pc=0x00000000035975fc method=com.android.dx.rop.code.RegisterSpecSet.localItemToSpec(Lcom/android/dx/rop/code/LocalItem;)Lcom/android/dx/rop/code/RegisterSpec; @ 35
Event: 5.204 Thread 0x00000000172f3000 Uncommon trap: reason=class_check action=maybe_recompile pc=0x000000000358c39c method=com.android.dx.cf.code.RopperMachine.run(Lcom/android/dx/cf/code/Frame;II)V @ 988
Event: 5.271 Thread 0x00000000172f3000 Uncommon trap: reason=null_check action=make_not_entrant pc=0x0000000003445f80 method=com.android.dx.ssa.SsaRenamer.getLocalForNewReg(I)Lcom/android/dx/rop/code/LocalItem; @ 19
Event: 5.345 Thread 0x0000000002d7d800 Uncommon trap: reason=unstable_if action=reinterpret pc=0x00000000031ccd10 method=java.lang.String.<init>([CII)V @ 18
Event: 5.367 Thread 0x00000000172f3000 Uncommon trap: reason=class_check action=maybe_recompile pc=0x000000000358c39c method=com.android.dx.cf.code.RopperMachine.run(Lcom/android/dx/cf/code/Frame;II)V @ 988
Event: 5.369 Thread 0x00000000172f3000 Uncommon trap: reason=unstable_if action=reinterpret pc=0x00000000034ec990 method=com.android.dx.ssa.SCCP.simulateBranch(Lcom/android/dx/ssa/SsaInsn;)V @ 64

Internal exceptions (3 events):
Event: 0.509 Thread 0x0000000002d7d800 Exception <a 'java/lang/NoSuchMethodError': Method sun.misc.Unsafe.defineClass(Ljava/lang/String;[BII)Ljava/lang/Class; name or signature does not match> (0x00000000eab07c78) thrown at [C:\src\android\AOSP-openjdk\external\jetbrains\jdk\hotspot\src\share\vз$ВMа?
Event: 0.509 Thread 0x0000000002d7d800 Exception <a 'java/lang/NoSuchMethodError': Method sun.misc.Unsafe.prefetchRead(Ljava/lang/Object;J)V name or signature does not match> (0x00000000eab07f60) thrown at [C:\src\android\AOSP-openjdk\external\jetbrains\jdk\hotspot\src\share\vm\prims\jni.cpp, lЪЖЄ@
Event: 5.271 Thread 0x00000000172f3000 Implicit null exception at 0x00000000034454c9 to 0x0000000003445f29

Events (10 events):
Event: 5.345 Thread 0x0000000002d7d800 DEOPT UNPACKING pc=0x000000000300556a sp=0x0000000002e7e7d0 mode 2
Event: 5.367 Thread 0x00000000172f3000 Uncommon trap: trap_request=0xffffffde fr.pc=0x000000000358c39c
Event: 5.367 Thread 0x00000000172f3000 DEOPT PACKING pc=0x000000000358c39c sp=0x0000000017aeeb10
Event: 5.367 Thread 0x00000000172f3000 DEOPT UNPACKING pc=0x000000000300556a sp=0x0000000017aeeac8 mode 2
Event: 5.369 Thread 0x00000000172f3000 Uncommon trap: trap_request=0xffffff65 fr.pc=0x00000000034ec990
Event: 5.369 Thread 0x00000000172f3000 DEOPT PACKING pc=0x00000000034ec990 sp=0x0000000017aeec90
Event: 5.369 Thread 0x00000000172f3000 DEOPT UNPACKING pc=0x000000000300556a sp=0x0000000017aeecd0 mode 2
Event: 5.378 Executing VM operation: ParallelGCFailedAllocation
Event: 5.378 Executing VM operation: ParallelGCFailedAllocation done
Event: 5.402 Executing VM operation: ParallelGCSystemGC


Dynamic libraries:
0x00007ff749120000 - 0x00007ff749151000 	D:\AndroidStudio\Android Studio\jre\bin\java.exe
0x00007ff83dab0000 - 0x00007ff83dc91000 	C:\WINDOWS\SYSTEM32\ntdll.dll
0x00007ff83b2b0000 - 0x00007ff83b362000 	C:\WINDOWS\System32\KERNEL32.DLL
0x00007ff839fb0000 - 0x00007ff83a223000 	C:\WINDOWS\System32\KERNELBASE.dll
0x00007ff83b5e0000 - 0x00007ff83b681000 	C:\WINDOWS\System32\ADVAPI32.dll
0x00007ff83b150000 - 0x00007ff83b1ee000 	C:\WINDOWS\System32\msvcrt.dll
0x00007ff83b1f0000 - 0x00007ff83b24b000 	C:\WINDOWS\System32\sechost.dll
0x00007ff83d2a0000 - 0x00007ff83d3c4000 	C:\WINDOWS\System32\RPCRT4.dll
0x00007ff83d110000 - 0x00007ff83d2a0000 	C:\WINDOWS\System32\USER32.dll
0x00007ff83ad80000 - 0x00007ff83ada0000 	C:\WINDOWS\System32\win32u.dll
0x00007ff83b380000 - 0x00007ff83b3a8000 	C:\WINDOWS\System32\GDI32.dll
0x00007ff83a230000 - 0x00007ff83a3c2000 	C:\WINDOWS\System32\gdi32full.dll
0x00007ff83aea0000 - 0x00007ff83af3f000 	C:\WINDOWS\System32\msvcp_win.dll
0x00007ff83ada0000 - 0x00007ff83ae9a000 	C:\WINDOWS\System32\ucrtbase.dll
0x00007ff82d4a0000 - 0x00007ff82d709000 	C:\WINDOWS\WinSxS\amd64_microsoft.windows.common-controls_6595b64144ccf1df_6.0.17134.407_none_fb449d63306391e9\COMCTL32.dll
0x00007ff83cde0000 - 0x00007ff83d102000 	C:\WINDOWS\System32\combase.dll
0x00007ff839e80000 - 0x00007ff839efa000 	C:\WINDOWS\System32\bcryptPrimitives.dll
0x00007ff83afa0000 - 0x00007ff83afcd000 	C:\WINDOWS\System32\IMM32.DLL
0x0000000073390000 - 0x0000000073462000 	D:\AndroidStudio\Android Studio\jre\jre\bin\msvcr100.dll
0x0000000072930000 - 0x000000007316c000 	D:\AndroidStudio\Android Studio\jre\jre\bin\server\jvm.dll
0x00007ff83d470000 - 0x00007ff83d478000 	C:\WINDOWS\System32\PSAPI.DLL
0x00007ff82fe40000 - 0x00007ff82fe49000 	C:\WINDOWS\SYSTEM32\WSOCK32.dll
0x00007ff83d3e0000 - 0x00007ff83d44c000 	C:\WINDOWS\System32\WS2_32.dll
0x00007ff837aa0000 - 0x00007ff837ac3000 	C:\WINDOWS\SYSTEM32\WINMM.dll
0x00007ff830630000 - 0x00007ff83063a000 	C:\WINDOWS\SYSTEM32\VERSION.dll
0x00007ff837a70000 - 0x00007ff837a9a000 	C:\WINDOWS\SYSTEM32\WINMMBASE.dll
0x00007ff83aae0000 - 0x00007ff83ab29000 	C:\WINDOWS\System32\cfgmgr32.dll
0x00007ff82fe00000 - 0x00007ff82fe0f000 	D:\AndroidStudio\Android Studio\jre\jre\bin\verify.dll
0x00007ff82d1b0000 - 0x00007ff82d1d9000 	D:\AndroidStudio\Android Studio\jre\jre\bin\java.dll
0x00007ff82fde0000 - 0x00007ff82fdf6000 	D:\AndroidStudio\Android Studio\jre\jre\bin\zip.dll
0x00007ff83b830000 - 0x00007ff83cc6f000 	C:\WINDOWS\System32\SHELL32.dll
0x00007ff83d480000 - 0x00007ff83d529000 	C:\WINDOWS\System32\shcore.dll
0x00007ff83a3d0000 - 0x00007ff83aadd000 	C:\WINDOWS\System32\windows.storage.dll
0x00007ff83b250000 - 0x00007ff83b2a1000 	C:\WINDOWS\System32\shlwapi.dll
0x00007ff839dc0000 - 0x00007ff839dd1000 	C:\WINDOWS\System32\kernel.appcore.dll
0x00007ff839de0000 - 0x00007ff839dff000 	C:\WINDOWS\System32\profapi.dll
0x00007ff839e10000 - 0x00007ff839e5c000 	C:\WINDOWS\System32\powrprof.dll
0x00007ff839e00000 - 0x00007ff839e0a000 	C:\WINDOWS\System32\FLTLIB.DLL

VM Arguments:
jvm_args: -Djava.awt.headless=true -Xmx1024M -Dfile.encoding=windows-1251 -Duser.country=RU -Duser.language=ru -Duser.variant 
java_command: com.android.dx.command.Main --dex --num-threads=4 --output D:\AndroidStudio\ExpenseTracker\app\build\intermediates\pre-dexed\debug\classes_a21f437c9544d72031a42d471b4702c6e42b4ce3.jar C:\Users\Владислав\.android\build-cache\07666563f7d6d1290002b8e0373e0e050c50cbde\output\jars\classes.jar
java_class_path (initial): D:\AndroidStudio\sdk\build-tools\25.0.0\lib\dx.jar
Launcher Type: SUN_STANDARD

Environment Variables:
JAVA_HOME=C:\Program Files\Java\jdk1.8.0_111
PATH=C:\ProgramData\Oracle\Java\javapath;C:\WINDOWS\system32;C:\WINDOWS;C:\WINDOWS\System32\Wbem;C:\WINDOWS\System32\WindowsPowerShell\v1.0\;C:\Program Files (x86)\Windows Live\Shared;D:\3.0.0\bin\i386-Win32;C:\FPC\3.0.0\bin\i386-Win32;C:\FPC\2.6.4\bin\i386-Win32;C:\Program Files\Java\jdk1.8.0_111\bin;C:\WINDOWS\system32\config\systemprofile\.dnx\bin;C:\Program Files\Microsoft DNX\Dnvm\;C:\Program Files\Microsoft SQL Server\120\Tools\Binn\;C:\Program Files\Microsoft SQL Server\130\Tools\Binn\;C:\Program Files (x86)\NVIDIA Corporation\Cg\bin;C:\Program Files\Common Files\Autodesk Shared\;C:\Program Files (x86)\Autodesk\Backburner\;C:\WINDOWS\System32\OpenSSH\;C:\Program Files\wget;C:\Python36\Scripts\;C:\Python36\;C:\RailsInstaller\Git\cmd;C:\RailsInstaller\Ruby2.3.0\bin;C:\Users\Владислав\AppData\Local\Microsoft\WindowsApps;;C:\Users\Владислав\AppData\Local\Programs\Microsoft VS Code\bin
USERNAME=Владислав
OS=Windows_NT
PROCESSOR_IDENTIFIER=Intel64 Family 6 Model 58 Stepping 9, GenuineIntel



---------------  S Y S T E M  ---------------

OS: Windows 10.0 , 64 bit Build 17134 (10.0.17134.1)

CPU:total 4 (2 cores per cpu, 2 threads per core) family 6 model 58 stepping 9, cmov, cx8, fxsr, mmx, sse, sse2, sse3, ssse3, sse4.1, sse4.2, popcnt, avx, clmul, erms, ht, tsc, tscinvbit, tscinv

Memory: 4k page, physical 8271472k(1174800k free), swap 8271472k(2044k free)

vm_info: OpenJDK 64-Bit Server VM (25.112-b06) for windows-amd64 JRE (1.8.0_112-release-b06), built on Dec  8 2016 00:54:26 by "builder" with MS VC++ 10.0 (VS2010)

time: Thu Nov 29 23:33:15 2018
elapsed time: 5 seconds (0d 0h 0m 5s)

