#
# There is insufficient memory for the Java Runtime Environment to continue.
# Native memory allocation (malloc) failed to allocate 32744 bytes for ChunkPool::allocate
# Possible reasons:
#   The system is out of physical RAM or swap space
#   In 32 bit mode, the process size limit was hit
# Possible solutions:
#   Reduce memory load on the system
#   Increase physical memory or swap space
#   Check if swap backing store is full
#   Use 64 bit Java on a 64 bit OS
#   Decrease Java heap size (-Xmx/-Xms)
#   Decrease number of Java threads
#   Decrease Java thread stack sizes (-Xss)
#   Set larger code cache with -XX:ReservedCodeCacheSize=
# This output file may be truncated or incomplete.
#
#  Out of Memory Error (allocation.cpp:273), pid=2536, tid=0x0000000000001e94
#
# JRE version: OpenJDK Runtime Environment (8.0_112-b06) (build 1.8.0_112-release-b06)
# Java VM: OpenJDK 64-Bit Server VM (25.112-b06 mixed mode windows-amd64 compressed oops)
# Failed to write core dump. Minidumps are not enabled by default on client versions of Windows
#

---------------  T H R E A D  ---------------

Current thread (0x000000001524f800):  JavaThread "C2 CompilerThread0" daemon [_thread_in_native, id=7828, stack(0x00000000168b0000,0x00000000169b0000)]

Stack: [0x00000000168b0000,0x00000000169b0000]
[error occurred during error reporting (printing stack bounds), id 0xc0000005]

Native frames: (J=compiled Java code, j=interpreted, Vv=VM code, C=native code)


Current CompileTask:
C2:   2727 1241       4       com.android.dx.ssa.SCCP::simulateBranch (666 bytes)


---------------  P R O C E S S  ---------------

Java Threads: ( => current thread )
  0x0000000016d02000 JavaThread "pool-1-thread-4" [_thread_blocked, id=10692, stack(0x00000000175b0000,0x00000000176b0000)]
  0x0000000016d01000 JavaThread "pool-1-thread-3" [_thread_blocked, id=9332, stack(0x00000000174b0000,0x00000000175b0000)]
  0x0000000016d00000 JavaThread "pool-1-thread-2" [_thread_blocked, id=12192, stack(0x00000000173b0000,0x00000000174b0000)]
  0x0000000016ce3000 JavaThread "pool-2-thread-1" [_thread_blocked, id=11008, stack(0x00000000172b0000,0x00000000173b0000)]
  0x0000000016ce9000 JavaThread "pool-1-thread-1" [_thread_blocked, id=3004, stack(0x00000000171b0000,0x00000000172b0000)]
  0x00000000152ae000 JavaThread "Service Thread" daemon [_thread_blocked, id=6436, stack(0x0000000016fb0000,0x00000000170b0000)]
  0x00000000152a9800 JavaThread "C1 CompilerThread2" daemon [_thread_blocked, id=6700, stack(0x0000000016eb0000,0x0000000016fb0000)]
  0x0000000015252800 JavaThread "C2 CompilerThread1" daemon [_thread_in_native, id=9148, stack(0x00000000169b0000,0x0000000016ab0000)]
=>0x000000001524f800 JavaThread "C2 CompilerThread0" daemon [_thread_in_native, id=7828, stack(0x00000000168b0000,0x00000000169b0000)]
  0x000000001524e000 JavaThread "Attach Listener" daemon [_thread_blocked, id=7696, stack(0x00000000167b0000,0x00000000168b0000)]
  0x000000001524b000 JavaThread "Signal Dispatcher" daemon [_thread_blocked, id=4304, stack(0x00000000166b0000,0x00000000167b0000)]
  0x0000000002b76800 JavaThread "Finalizer" daemon [_thread_blocked, id=6024, stack(0x00000000164b0000,0x00000000165b0000)]
  0x0000000002b71800 JavaThread "Reference Handler" daemon [_thread_blocked, id=9740, stack(0x00000000163b0000,0x00000000164b0000)]
  0x0000000002a7d800 JavaThread "main" [_thread_in_Java, id=11352, stack(0x0000000002930000,0x0000000002a30000)]

Other Threads:
  0x0000000015216000 VMThread [stack: 0x00000000162b0000,0x00000000163b0000] [id=8368]
  0x0000000016ac1000 WatcherThread [stack: 0x00000000170b0000,0x00000000171b0000] [id=4828]

VM state:not at safepoint (normal execution)

VM Mutex/Monitor currently owned by a thread: None

Heap:
 PSYoungGen      total 38400K, used 12858K [0x00000000eab00000, 0x00000000ef600000, 0x0000000100000000)
  eden space 33280K, 23% used [0x00000000eab00000,0x00000000eb290710,0x00000000ecb80000)
  from space 5120K, 99% used [0x00000000ecb80000,0x00000000ed07e4e0,0x00000000ed080000)
  to   space 5120K, 0% used [0x00000000ef100000,0x00000000ef100000,0x00000000ef600000)
 ParOldGen       total 87552K, used 1221K [0x00000000c0000000, 0x00000000c5580000, 0x00000000eab00000)
  object space 87552K, 1% used [0x00000000c0000000,0x00000000c01315d8,0x00000000c5580000)
 Metaspace       used 5810K, capacity 6896K, committed 7040K, reserved 1056768K
  class space    used 564K, capacity 616K, committed 640K, reserved 1048576K

Card table byte_map: [0x0000000011f40000,0x0000000012150000] byte_map_base: 0x0000000011940000

Marking Bits: (ParMarkBitMap*) 0x00000000730f18f0
 Begin Bits: [0x00000000126b0000, 0x00000000136b0000)
 End Bits:   [0x00000000136b0000, 0x00000000146b0000)

Polling page: 0x0000000000d70000

CodeCache: size=245760Kb used=4909Kb max_used=4913Kb free=240850Kb
 bounds [0x0000000002b80000, 0x0000000003060000, 0x0000000011b80000]
 total_blobs=1509 nmethods=1247 adapters=176
 compilation: enabled

Compilation events (10 events):
Event: 2.695 Thread 0x00000000152a9800 1250       3       com.android.dx.ssa.back.IdenticalBlockCombiner::process (323 bytes)
Event: 2.698 Thread 0x000000001524f800 nmethod 1228 0x00000000030484d0 code [0x0000000003048780, 0x0000000003049738]
Event: 2.698 Thread 0x000000001524f800 1229       4       com.android.dx.ssa.SsaBasicBlock::forEachInsn (37 bytes)
Event: 2.698 Thread 0x00000000152a9800 nmethod 1250 0x0000000003044a90 code [0x0000000003044e20, 0x00000000030472b8]
Event: 2.698 Thread 0x00000000152a9800 1252       3       com.android.dx.ssa.SsaMethod::convertRopToSsaBlocks (103 bytes)
Event: 2.700 Thread 0x00000000152a9800 nmethod 1252 0x000000000304b450 code [0x000000000304b6c0, 0x000000000304c868]
Event: 2.702 Thread 0x000000001524f800 nmethod 1229 0x0000000003050090 code [0x0000000003050200, 0x0000000003050428]
Event: 2.702 Thread 0x000000001524f800 1241       4       com.android.dx.ssa.SCCP::simulateBranch (666 bytes)
Event: 2.707 Thread 0x00000000152a9800 1253       3       com.android.dx.ssa.SsaMethod::makeExitBlock (134 bytes)
Event: 2.708 Thread 0x00000000152a9800 nmethod 1253 0x000000000304e550 code [0x000000000304e7e0, 0x000000000304f788]

GC Heap History (2 events):
Event: 2.290 GC heap before
{Heap before GC invocations=1 (full 0):
 PSYoungGen      total 38400K, used 33280K [0x00000000eab00000, 0x00000000ed580000, 0x0000000100000000)
  eden space 33280K, 100% used [0x00000000eab00000,0x00000000ecb80000,0x00000000ecb80000)
  from space 5120K, 0% used [0x00000000ed080000,0x00000000ed080000,0x00000000ed580000)
  to   space 5120K, 0% used [0x00000000ecb80000,0x00000000ecb80000,0x00000000ed080000)
 ParOldGen       total 87552K, used 0K [0x00000000c0000000, 0x00000000c5580000, 0x00000000eab00000)
  object space 87552K, 0% used [0x00000000c0000000,0x00000000c0000000,0x00000000c5580000)
 Metaspace       used 5758K, capacity 6896K, committed 7040K, reserved 1056768K
  class space    used 564K, capacity 616K, committed 640K, reserved 1048576K
Event: 2.453 GC heap after
Heap after GC invocations=1 (full 0):
 PSYoungGen      total 38400K, used 5113K [0x00000000eab00000, 0x00000000ef600000, 0x0000000100000000)
  eden space 33280K, 0% used [0x00000000eab00000,0x00000000eab00000,0x00000000ecb80000)
  from space 5120K, 99% used [0x00000000ecb80000,0x00000000ed07e4e0,0x00000000ed080000)
  to   space 5120K, 0% used [0x00000000ef100000,0x00000000ef100000,0x00000000ef600000)
 ParOldGen       total 87552K, used 1221K [0x00000000c0000000, 0x00000000c5580000, 0x00000000eab00000)
  object space 87552K, 1% used [0x00000000c0000000,0x00000000c01315d8,0x00000000c5580000)
 Metaspace       used 5758K, capacity 6896K, committed 7040K, reserved 1056768K
  class space    used 564K, capacity 616K, committed 640K, reserved 1048576K
}

Deoptimization events (10 events):
Event: 1.684 Thread 0x0000000016d02000 Uncommon trap: reason=class_check action=maybe_recompile pc=0x0000000002e4aacc method=com.android.dx.rop.type.Type.equals(Ljava/lang/Object;)Z @ 8
Event: 1.686 Thread 0x0000000016d02000 Uncommon trap: reason=class_check action=maybe_recompile pc=0x0000000002e4aacc method=com.android.dx.rop.type.Type.equals(Ljava/lang/Object;)Z @ 8
Event: 1.686 Thread 0x0000000016d02000 Uncommon trap: reason=class_check action=maybe_recompile pc=0x0000000002e4aacc method=com.android.dx.rop.type.Type.equals(Ljava/lang/Object;)Z @ 8
Event: 1.721 Thread 0x0000000016d02000 Uncommon trap: reason=class_check action=maybe_recompile pc=0x0000000002e2def0 method=com.android.dx.rop.type.Type.equals(Ljava/lang/Object;)Z @ 8
Event: 1.721 Thread 0x0000000016d02000 Uncommon trap: reason=class_check action=maybe_recompile pc=0x0000000002ea4f80 method=com.android.dx.rop.type.Type.equals(Ljava/lang/Object;)Z @ 8
Event: 1.721 Thread 0x0000000002a7d800 Uncommon trap: reason=unstable_if action=reinterpret pc=0x0000000002e1dcac method=com.android.dx.rop.code.RegisterSpecSet.put(Lcom/android/dx/rop/code/RegisterSpec;)V @ 77
Event: 1.721 Thread 0x0000000002a7d800 Uncommon trap: reason=unstable_if action=reinterpret pc=0x0000000002e2fd2c method=com.android.dx.rop.code.RegisterSpecSet.put(Lcom/android/dx/rop/code/RegisterSpec;)V @ 77
Event: 2.241 Thread 0x0000000002a7d800 Uncommon trap: reason=class_check action=maybe_recompile pc=0x0000000002ebf28c method=java.util.HashMap.putVal(ILjava/lang/Object;Ljava/lang/Object;ZZ)Ljava/lang/Object; @ 203
Event: 2.646 Thread 0x0000000002a7d800 Uncommon trap: reason=null_check action=make_not_entrant pc=0x0000000002e9c600 method=com.android.dx.ssa.SsaRenamer.getLocalForNewReg(I)Lcom/android/dx/rop/code/LocalItem; @ 19
Event: 2.646 Thread 0x0000000002a7d800 Uncommon trap: reason=null_check action=make_not_entrant pc=0x0000000002e5fe78 method=com.android.dx.ssa.SsaRenamer.getLocalForNewReg(I)Lcom/android/dx/rop/code/LocalItem; @ 19

Internal exceptions (4 events):
Event: 0.154 Thread 0x0000000002a7d800 Exception <a 'java/lang/NoSuchMethodError': Method sun.misc.Unsafe.defineClass(Ljava/lang/String;[BII)Ljava/lang/Class; name or signature does not match> (0x00000000eab07c78) thrown at [C:\src\android\AOSP-openjdk\external\jetbrains\jdk\hotspot\src\share\vжЛН¬Г?
Event: 0.154 Thread 0x0000000002a7d800 Exception <a 'java/lang/NoSuchMethodError': Method sun.misc.Unsafe.prefetchRead(Ljava/lang/Object;J)V name or signature does not match> (0x00000000eab07f60) thrown at [C:\src\android\AOSP-openjdk\external\jetbrains\jdk\hotspot\src\share\vm\prims\jni.cpp, lЩр+@
Event: 2.646 Thread 0x0000000002a7d800 Implicit null exception at 0x0000000002e9a1db to 0x0000000002e9c5b9
Event: 2.646 Thread 0x0000000002a7d800 Implicit null exception at 0x0000000002e5de10 to 0x0000000002e5fe4d

Events (10 events):
Event: 2.289 Executing VM operation: ParallelGCFailedAllocation
Event: 2.453 Executing VM operation: ParallelGCFailedAllocation done
Event: 2.507 Thread 0x0000000016d00000 DEOPT PACKING pc=0x0000000002ec6c44 sp=0x00000000174ae940
Event: 2.507 Thread 0x0000000016d00000 DEOPT UNPACKING pc=0x0000000002bc75bf sp=0x00000000174ae710 mode 0
Event: 2.646 Thread 0x0000000002a7d800 Uncommon trap: trap_request=0xfffffff4 fr.pc=0x0000000002e9c600
Event: 2.646 Thread 0x0000000002a7d800 DEOPT PACKING pc=0x0000000002e9c600 sp=0x0000000002a2e4b0
Event: 2.646 Thread 0x0000000002a7d800 DEOPT UNPACKING pc=0x0000000002bc556a sp=0x0000000002a2e308 mode 2
Event: 2.646 Thread 0x0000000002a7d800 Uncommon trap: trap_request=0xfffffff4 fr.pc=0x0000000002e5fe78
Event: 2.646 Thread 0x0000000002a7d800 DEOPT PACKING pc=0x0000000002e5fe78 sp=0x0000000002a2e420
Event: 2.646 Thread 0x0000000002a7d800 DEOPT UNPACKING pc=0x0000000002bc556a sp=0x0000000002a2e2f8 mode 2


Dynamic libraries:
0x00007ff749120000 - 0x00007ff749151000 	D:\AndroidStudio\Android Studio\jre\bin\java.exe
0x00007ff83dab0000 - 0x00007ff83dc91000 	C:\WINDOWS\SYSTEM32\ntdll.dll
0x00007ff83b2b0000 - 0x00007ff83b362000 	C:\WINDOWS\System32\KERNEL32.DLL
0x00007ff839fb0000 - 0x00007ff83a223000 	C:\WINDOWS\System32\KERNELBASE.dll
0x00007ff83b5e0000 - 0x00007ff83b681000 	C:\WINDOWS\System32\ADVAPI32.dll
0x00007ff83b150000 - 0x00007ff83b1ee000 	C:\WINDOWS\System32\msvcrt.dll
0x00007ff83b1f0000 - 0x00007ff83b24b000 	C:\WINDOWS\System32\sechost.dll
0x00007ff83d2a0000 - 0x00007ff83d3c4000 	C:\WINDOWS\System32\RPCRT4.dll
0x00007ff83d110000 - 0x00007ff83d2a0000 	C:\WINDOWS\System32\USER32.dll
0x00007ff83ad80000 - 0x00007ff83ada0000 	C:\WINDOWS\System32\win32u.dll
0x00007ff83b380000 - 0x00007ff83b3a8000 	C:\WINDOWS\System32\GDI32.dll
0x00007ff83a230000 - 0x00007ff83a3c2000 	C:\WINDOWS\System32\gdi32full.dll
0x00007ff83aea0000 - 0x00007ff83af3f000 	C:\WINDOWS\System32\msvcp_win.dll
0x00007ff83ada0000 - 0x00007ff83ae9a000 	C:\WINDOWS\System32\ucrtbase.dll
0x00007ff82d4a0000 - 0x00007ff82d709000 	C:\WINDOWS\WinSxS\amd64_microsoft.windows.common-controls_6595b64144ccf1df_6.0.17134.407_none_fb449d63306391e9\COMCTL32.dll
0x00007ff83cde0000 - 0x00007ff83d102000 	C:\WINDOWS\System32\combase.dll
0x00007ff839e80000 - 0x00007ff839efa000 	C:\WINDOWS\System32\bcryptPrimitives.dll
0x00007ff83afa0000 - 0x00007ff83afcd000 	C:\WINDOWS\System32\IMM32.DLL
0x0000000073390000 - 0x0000000073462000 	D:\AndroidStudio\Android Studio\jre\jre\bin\msvcr100.dll
0x0000000072930000 - 0x000000007316c000 	D:\AndroidStudio\Android Studio\jre\jre\bin\server\jvm.dll
0x00007ff83d470000 - 0x00007ff83d478000 	C:\WINDOWS\System32\PSAPI.DLL
0x00007ff82fe40000 - 0x00007ff82fe49000 	C:\WINDOWS\SYSTEM32\WSOCK32.dll
0x00007ff837aa0000 - 0x00007ff837ac3000 	C:\WINDOWS\SYSTEM32\WINMM.dll
0x00007ff83d3e0000 - 0x00007ff83d44c000 	C:\WINDOWS\System32\WS2_32.dll
0x00007ff830630000 - 0x00007ff83063a000 	C:\WINDOWS\SYSTEM32\VERSION.dll
0x00007ff837a70000 - 0x00007ff837a9a000 	C:\WINDOWS\SYSTEM32\WINMMBASE.dll
0x00007ff83aae0000 - 0x00007ff83ab29000 	C:\WINDOWS\System32\cfgmgr32.dll
0x00007ff82fe00000 - 0x00007ff82fe0f000 	D:\AndroidStudio\Android Studio\jre\jre\bin\verify.dll
0x00007ff82d1b0000 - 0x00007ff82d1d9000 	D:\AndroidStudio\Android Studio\jre\jre\bin\java.dll
0x00007ff82fde0000 - 0x00007ff82fdf6000 	D:\AndroidStudio\Android Studio\jre\jre\bin\zip.dll
0x00007ff83b830000 - 0x00007ff83cc6f000 	C:\WINDOWS\System32\SHELL32.dll
0x00007ff83d480000 - 0x00007ff83d529000 	C:\WINDOWS\System32\shcore.dll
0x00007ff83a3d0000 - 0x00007ff83aadd000 	C:\WINDOWS\System32\windows.storage.dll
0x00007ff83b250000 - 0x00007ff83b2a1000 	C:\WINDOWS\System32\shlwapi.dll
0x00007ff839dc0000 - 0x00007ff839dd1000 	C:\WINDOWS\System32\kernel.appcore.dll
0x00007ff839de0000 - 0x00007ff839dff000 	C:\WINDOWS\System32\profapi.dll
0x00007ff839e10000 - 0x00007ff839e5c000 	C:\WINDOWS\System32\powrprof.dll
0x00007ff839e00000 - 0x00007ff839e0a000 	C:\WINDOWS\System32\FLTLIB.DLL

VM Arguments:
jvm_args: -Djava.awt.headless=true -Xmx1024M -Dfile.encoding=windows-1251 -Duser.country=RU -Duser.language=ru -Duser.variant 
java_command: com.android.dx.command.Main --dex --num-threads=4 --output D:\AndroidStudio\ExpenseTracker\app\build\intermediates\pre-dexed\debug\classes_149013da9a2f8081f7f574b5369df2200e7fe7b4.jar C:\Users\Владислав\.android\build-cache\66ae8412dd1bd2ee6f5f0af948b97d4b6d1fefe7\output\jars\classes.jar
java_class_path (initial): D:\AndroidStudio\sdk\build-tools\25.0.0\lib\dx.jar
Launcher Type: SUN_STANDARD

Environment Variables:
JAVA_HOME=C:\Program Files\Java\jdk1.8.0_111
PATH=C:\ProgramData\Oracle\Java\javapath;C:\WINDOWS\system32;C:\WINDOWS;C:\WINDOWS\System32\Wbem;C:\WINDOWS\System32\WindowsPowerShell\v1.0\;C:\Program Files (x86)\Windows Live\Shared;D:\3.0.0\bin\i386-Win32;C:\FPC\3.0.0\bin\i386-Win32;C:\FPC\2.6.4\bin\i386-Win32;C:\Program Files\Java\jdk1.8.0_111\bin;C:\WINDOWS\system32\config\systemprofile\.dnx\bin;C:\Program Files\Microsoft DNX\Dnvm\;C:\Program Files\Microsoft SQL Server\120\Tools\Binn\;C:\Program Files\Microsoft SQL Server\130\Tools\Binn\;C:\Program Files (x86)\NVIDIA Corporation\Cg\bin;C:\Program Files\Common Files\Autodesk Shared\;C:\Program Files (x86)\Autodesk\Backburner\;C:\WINDOWS\System32\OpenSSH\;C:\Program Files\wget;C:\Python36\Scripts\;C:\Python36\;C:\RailsInstaller\Git\cmd;C:\RailsInstaller\Ruby2.3.0\bin;C:\Users\Владислав\AppData\Local\Microsoft\WindowsApps;;C:\Users\Владислав\AppData\Local\Programs\Microsoft VS Code\bin
USERNAME=Владислав
OS=Windows_NT
PROCESSOR_IDENTIFIER=Intel64 Family 6 Model 58 Stepping 9, GenuineIntel



---------------  S Y S T E M  ---------------

OS: Windows 10.0 , 64 bit Build 17134 (10.0.17134.1)

CPU:total 4 (2 cores per cpu, 2 threads per core) family 6 model 58 stepping 9, cmov, cx8, fxsr, mmx, sse, sse2, sse3, ssse3, sse4.1, sse4.2, popcnt, avx, clmul, erms, ht, tsc, tscinvbit, tscinv

Memory: 4k page, physical 8271472k(1203440k free), swap 8271472k(3088k free)

vm_info: OpenJDK 64-Bit Server VM (25.112-b06) for windows-amd64 JRE (1.8.0_112-release-b06), built on Dec  8 2016 00:54:26 by "builder" with MS VC++ 10.0 (VS2010)

time: Thu Nov 29 23:33:07 2018
elapsed time: 2 seconds (0d 0h 0m 2s)

