#
# There is insufficient memory for the Java Runtime Environment to continue.
# Native memory allocation (malloc) failed to allocate 262160 bytes for Chunk::new
# Possible reasons:
#   The system is out of physical RAM or swap space
#   In 32 bit mode, the process size limit was hit
# Possible solutions:
#   Reduce memory load on the system
#   Increase physical memory or swap space
#   Check if swap backing store is full
#   Use 64 bit Java on a 64 bit OS
#   Decrease Java heap size (-Xmx/-Xms)
#   Decrease number of Java threads
#   Decrease Java thread stack sizes (-Xss)
#   Set larger code cache with -XX:ReservedCodeCacheSize=
# This output file may be truncated or incomplete.
#
#  Out of Memory Error (allocation.cpp:390), pid=9388, tid=0x0000000000000904
#
# JRE version: OpenJDK Runtime Environment (8.0_112-b06) (build 1.8.0_112-release-b06)
# Java VM: OpenJDK 64-Bit Server VM (25.112-b06 mixed mode windows-amd64 compressed oops)
# Failed to write core dump. Minidumps are not enabled by default on client versions of Windows
#

---------------  T H R E A D  ---------------

Current thread (0x0000000014cd6800):  JavaThread "C2 CompilerThread1" daemon [_thread_in_native, id=2308, stack(0x0000000016430000,0x0000000016530000)]

Stack: [0x0000000016430000,0x0000000016530000]
[error occurred during error reporting (printing stack bounds), id 0xc0000005]

Native frames: (J=compiled Java code, j=interpreted, Vv=VM code, C=native code)


Current CompileTask:
C2:   2469 1029   !   4       com.android.dx.cf.code.BytecodeArray::parseInstruction (2764 bytes)


---------------  P R O C E S S  ---------------

Java Threads: ( => current thread )
  0x0000000016878000 JavaThread "pool-1-thread-4" [_thread_blocked, id=6464, stack(0x0000000017030000,0x0000000017130000)]
  0x0000000016877000 JavaThread "pool-1-thread-3" [_thread_in_vm, id=8680, stack(0x0000000016f30000,0x0000000017030000)]
  0x0000000016793000 JavaThread "pool-1-thread-2" [_thread_in_vm, id=1328, stack(0x0000000016e30000,0x0000000016f30000)]
  0x0000000016790000 JavaThread "pool-2-thread-1" [_thread_blocked, id=4756, stack(0x0000000016d30000,0x0000000016e30000)]
  0x000000001678f000 JavaThread "pool-1-thread-1" [_thread_blocked, id=1980, stack(0x0000000016c30000,0x0000000016d30000)]
  0x0000000016634000 JavaThread "Service Thread" daemon [_thread_blocked, id=3448, stack(0x0000000016a30000,0x0000000016b30000)]
  0x0000000014d2b800 JavaThread "C1 CompilerThread2" daemon [_thread_blocked, id=5280, stack(0x0000000016530000,0x0000000016630000)]
=>0x0000000014cd6800 JavaThread "C2 CompilerThread1" daemon [_thread_in_native, id=2308, stack(0x0000000016430000,0x0000000016530000)]
  0x0000000014cd3800 JavaThread "C2 CompilerThread0" daemon [_thread_blocked, id=6112, stack(0x0000000016330000,0x0000000016430000)]
  0x0000000014cd2000 JavaThread "Attach Listener" daemon [_thread_blocked, id=6020, stack(0x0000000016230000,0x0000000016330000)]
  0x0000000014ccf000 JavaThread "Signal Dispatcher" daemon [_thread_blocked, id=11660, stack(0x0000000016130000,0x0000000016230000)]
  0x00000000025f5800 JavaThread "Finalizer" daemon [_thread_blocked, id=3096, stack(0x0000000015f30000,0x0000000016030000)]
  0x00000000025f0800 JavaThread "Reference Handler" daemon [_thread_blocked, id=7896, stack(0x0000000015e30000,0x0000000015f30000)]
  0x000000000075d800 JavaThread "main" [_thread_blocked, id=7520, stack(0x0000000002320000,0x0000000002420000)]

Other Threads:
  0x0000000014c95000 VMThread [stack: 0x0000000015d30000,0x0000000015e30000] [id=11460]
  0x0000000016634800 WatcherThread [stack: 0x0000000016b30000,0x0000000016c30000] [id=1744]

VM state:not at safepoint (normal execution)

VM Mutex/Monitor currently owned by a thread: None

Heap:
 PSYoungGen      total 38400K, used 31307K [0x00000000eab00000, 0x00000000ed580000, 0x0000000100000000)
  eden space 33280K, 94% used [0x00000000eab00000,0x00000000ec992fc0,0x00000000ecb80000)
  from space 5120K, 0% used [0x00000000ed080000,0x00000000ed080000,0x00000000ed580000)
  to   space 5120K, 0% used [0x00000000ecb80000,0x00000000ecb80000,0x00000000ed080000)
 ParOldGen       total 87552K, used 0K [0x00000000c0000000, 0x00000000c5580000, 0x00000000eab00000)
  object space 87552K, 0% used [0x00000000c0000000,0x00000000c0000000,0x00000000c5580000)
 Metaspace       used 5720K, capacity 6896K, committed 7040K, reserved 1056768K
  class space    used 565K, capacity 616K, committed 640K, reserved 1048576K

Card table byte_map: [0x00000000119c0000,0x0000000011bd0000] byte_map_base: 0x00000000113c0000

Marking Bits: (ParMarkBitMap*) 0x00000000730f18f0
 Begin Bits: [0x0000000012130000, 0x0000000013130000)
 End Bits:   [0x0000000013130000, 0x0000000014130000)

Polling page: 0x0000000000730000

CodeCache: size=245760Kb used=3832Kb max_used=3832Kb free=241927Kb
 bounds [0x0000000002600000, 0x00000000029c0000, 0x0000000011600000]
 total_blobs=1282 nmethods=1018 adapters=176
 compilation: enabled

Compilation events (10 events):
Event: 2.465 Thread 0x0000000014d2b800 nmethod 1009 0x00000000029bdc50 code [0x00000000029bdda0, 0x00000000029bdeb0]
Event: 2.465 Thread 0x0000000014d2b800 1012       1       com.android.dx.cf.attrib.AttCode::getAttributes (5 bytes)
Event: 2.465 Thread 0x0000000014d2b800 nmethod 1012 0x00000000029bdf10 code [0x00000000029be060, 0x00000000029be170]
Event: 2.465 Thread 0x0000000014d2b800 1013       1       com.android.dx.cf.attrib.AttLineNumberTable::getLineNumbers (5 bytes)
Event: 2.465 Thread 0x0000000014d2b800 nmethod 1013 0x00000000029be1d0 code [0x00000000029be320, 0x00000000029be430]
Event: 2.465 Thread 0x0000000014d2b800 1014       1       com.android.dx.cf.code.Simulator::access$000 (5 bytes)
Event: 2.465 Thread 0x0000000014d2b800 nmethod 1014 0x00000000029be490 code [0x00000000029be5e0, 0x00000000029be6d0]
Event: 2.465 Thread 0x0000000014d2b800 1015       1       com.android.dx.cf.code.Ropper::access$700 (5 bytes)
Event: 2.466 Thread 0x0000000014d2b800 nmethod 1015 0x00000000029be750 code [0x00000000029be8a0, 0x00000000029be990]
Event: 2.466 Thread 0x0000000014d2b800 1016       1       com.android.dx.cf.code.RopperMachine::getReturnOp (5 bytes)

GC Heap History (0 events):
No events

Deoptimization events (3 events):
Event: 0.438 Thread 0x000000000075d800 Uncommon trap: reason=unstable_if action=reinterpret pc=0x0000000002739614 method=java.lang.String.indexOf(II)I @ 49
Event: 2.412 Thread 0x0000000016878000 Uncommon trap: reason=bimorphic action=maybe_recompile pc=0x00000000028a38b8 method=java.util.HashMap.getNode(ILjava/lang/Object;)Ljava/util/HashMap$Node; @ 126
Event: 2.412 Thread 0x0000000016878000 Uncommon trap: reason=class_check action=maybe_recompile pc=0x0000000002933b4c method=java.util.HashMap.putVal(ILjava/lang/Object;Ljava/lang/Object;ZZ)Ljava/lang/Object; @ 203

Internal exceptions (2 events):
Event: 0.078 Thread 0x000000000075d800 Exception <a 'java/lang/NoSuchMethodError': Method sun.misc.Unsafe.defineClass(Ljava/lang/String;[BII)Ljava/lang/Class; name or signature does not match> (0x00000000eab07c78) thrown at [C:\src\android\AOSP-openjdk\external\jetbrains\jdk\hotspot\src\share\vЖwMчђп≥?
Event: 0.078 Thread 0x000000000075d800 Exception <a 'java/lang/NoSuchMethodError': Method sun.misc.Unsafe.prefetchRead(Ljava/lang/Object;J)V name or signature does not match> (0x00000000eab07f60) thrown at [C:\src\android\AOSP-openjdk\external\jetbrains\jdk\hotspot\src\share\vm\prims\jni.cpp, l

Events (10 events):
Event: 1.782 Executing VM operation: ForceSafepoint
Event: 2.333 Executing VM operation: ForceSafepoint done
Event: 2.395 Thread 0x000000000075d800 DEOPT PACKING pc=0x00000000028ec98a sp=0x000000000241e290
Event: 2.395 Thread 0x000000000075d800 DEOPT UNPACKING pc=0x00000000026475bf sp=0x000000000241e080 mode 0
Event: 2.412 Thread 0x0000000016878000 Uncommon trap: trap_request=0xffffffc6 fr.pc=0x00000000028a38b8
Event: 2.412 Thread 0x0000000016878000 DEOPT PACKING pc=0x00000000028a38b8 sp=0x000000001712e790
Event: 2.412 Thread 0x0000000016878000 DEOPT UNPACKING pc=0x000000000264556a sp=0x000000001712e6c8 mode 2
Event: 2.412 Thread 0x0000000016878000 Uncommon trap: trap_request=0xffffffde fr.pc=0x0000000002933b4c
Event: 2.412 Thread 0x0000000016878000 DEOPT PACKING pc=0x0000000002933b4c sp=0x000000001712e6f0
Event: 2.412 Thread 0x0000000016878000 DEOPT UNPACKING pc=0x000000000264556a sp=0x000000001712e668 mode 2


Dynamic libraries:
0x00007ff749120000 - 0x00007ff749151000 	D:\AndroidStudio\Android Studio\jre\bin\java.exe
0x00007ff83dab0000 - 0x00007ff83dc91000 	C:\WINDOWS\SYSTEM32\ntdll.dll
0x00007ff83b2b0000 - 0x00007ff83b362000 	C:\WINDOWS\System32\KERNEL32.DLL
0x00007ff839fb0000 - 0x00007ff83a223000 	C:\WINDOWS\System32\KERNELBASE.dll
0x00007ff83b5e0000 - 0x00007ff83b681000 	C:\WINDOWS\System32\ADVAPI32.dll
0x00007ff83b150000 - 0x00007ff83b1ee000 	C:\WINDOWS\System32\msvcrt.dll
0x00007ff83b1f0000 - 0x00007ff83b24b000 	C:\WINDOWS\System32\sechost.dll
0x00007ff83d2a0000 - 0x00007ff83d3c4000 	C:\WINDOWS\System32\RPCRT4.dll
0x00007ff83d110000 - 0x00007ff83d2a0000 	C:\WINDOWS\System32\USER32.dll
0x00007ff83ad80000 - 0x00007ff83ada0000 	C:\WINDOWS\System32\win32u.dll
0x00007ff83b380000 - 0x00007ff83b3a8000 	C:\WINDOWS\System32\GDI32.dll
0x00007ff83a230000 - 0x00007ff83a3c2000 	C:\WINDOWS\System32\gdi32full.dll
0x00007ff83aea0000 - 0x00007ff83af3f000 	C:\WINDOWS\System32\msvcp_win.dll
0x00007ff83ada0000 - 0x00007ff83ae9a000 	C:\WINDOWS\System32\ucrtbase.dll
0x00007ff82d4a0000 - 0x00007ff82d709000 	C:\WINDOWS\WinSxS\amd64_microsoft.windows.common-controls_6595b64144ccf1df_6.0.17134.407_none_fb449d63306391e9\COMCTL32.dll
0x00007ff83cde0000 - 0x00007ff83d102000 	C:\WINDOWS\System32\combase.dll
0x00007ff839e80000 - 0x00007ff839efa000 	C:\WINDOWS\System32\bcryptPrimitives.dll
0x00007ff83afa0000 - 0x00007ff83afcd000 	C:\WINDOWS\System32\IMM32.DLL
0x0000000073390000 - 0x0000000073462000 	D:\AndroidStudio\Android Studio\jre\jre\bin\msvcr100.dll
0x0000000072930000 - 0x000000007316c000 	D:\AndroidStudio\Android Studio\jre\jre\bin\server\jvm.dll
0x00007ff83d470000 - 0x00007ff83d478000 	C:\WINDOWS\System32\PSAPI.DLL
0x00007ff837aa0000 - 0x00007ff837ac3000 	C:\WINDOWS\SYSTEM32\WINMM.dll
0x00007ff830630000 - 0x00007ff83063a000 	C:\WINDOWS\SYSTEM32\VERSION.dll
0x00007ff82fe40000 - 0x00007ff82fe49000 	C:\WINDOWS\SYSTEM32\WSOCK32.dll
0x00007ff83d3e0000 - 0x00007ff83d44c000 	C:\WINDOWS\System32\WS2_32.dll
0x00007ff837a70000 - 0x00007ff837a9a000 	C:\WINDOWS\SYSTEM32\winmmbase.dll
0x00007ff83aae0000 - 0x00007ff83ab29000 	C:\WINDOWS\System32\cfgmgr32.dll
0x00007ff82fe00000 - 0x00007ff82fe0f000 	D:\AndroidStudio\Android Studio\jre\jre\bin\verify.dll
0x00007ff82d1b0000 - 0x00007ff82d1d9000 	D:\AndroidStudio\Android Studio\jre\jre\bin\java.dll
0x00007ff82fde0000 - 0x00007ff82fdf6000 	D:\AndroidStudio\Android Studio\jre\jre\bin\zip.dll
0x00007ff83b830000 - 0x00007ff83cc6f000 	C:\WINDOWS\System32\SHELL32.dll
0x00007ff83d480000 - 0x00007ff83d529000 	C:\WINDOWS\System32\shcore.dll
0x00007ff83a3d0000 - 0x00007ff83aadd000 	C:\WINDOWS\System32\windows.storage.dll
0x00007ff83b250000 - 0x00007ff83b2a1000 	C:\WINDOWS\System32\shlwapi.dll
0x00007ff839dc0000 - 0x00007ff839dd1000 	C:\WINDOWS\System32\kernel.appcore.dll
0x00007ff839de0000 - 0x00007ff839dff000 	C:\WINDOWS\System32\profapi.dll
0x00007ff839e10000 - 0x00007ff839e5c000 	C:\WINDOWS\System32\powrprof.dll
0x00007ff839e00000 - 0x00007ff839e0a000 	C:\WINDOWS\System32\FLTLIB.DLL

VM Arguments:
jvm_args: -Djava.awt.headless=true -Xmx1024M -Dfile.encoding=windows-1251 -Duser.country=RU -Duser.language=ru -Duser.variant 
java_command: com.android.dx.command.Main --dex --num-threads=4 --output D:\AndroidStudio\ExpenseTracker\app\build\intermediates\pre-dexed\debug\classes_2c3a8f899265ab7cb02244d62f407b5a07f33be8.jar C:\Users\¬ладислав\.android\build-cache\0ac458345371abde81fed3f9119b415cb170a198\output\jars\classes.jar
java_class_path (initial): D:\AndroidStudio\sdk\build-tools\25.0.0\lib\dx.jar
Launcher Type: SUN_STANDARD

Environment Variables:
JAVA_HOME=C:\Program Files\Java\jdk1.8.0_111
PATH=C:\ProgramData\Oracle\Java\javapath;C:\WINDOWS\system32;C:\WINDOWS;C:\WINDOWS\System32\Wbem;C:\WINDOWS\System32\WindowsPowerShell\v1.0\;C:\Program Files (x86)\Windows Live\Shared;D:\3.0.0\bin\i386-Win32;C:\FPC\3.0.0\bin\i386-Win32;C:\FPC\2.6.4\bin\i386-Win32;C:\Program Files\Java\jdk1.8.0_111\bin;C:\WINDOWS\system32\config\systemprofile\.dnx\bin;C:\Program Files\Microsoft DNX\Dnvm\;C:\Program Files\Microsoft SQL Server\120\Tools\Binn\;C:\Program Files\Microsoft SQL Server\130\Tools\Binn\;C:\Program Files (x86)\NVIDIA Corporation\Cg\bin;C:\Program Files\Common Files\Autodesk Shared\;C:\Program Files (x86)\Autodesk\Backburner\;C:\WINDOWS\System32\OpenSSH\;C:\Program Files\wget;C:\Python36\Scripts\;C:\Python36\;C:\RailsInstaller\Git\cmd;C:\RailsInstaller\Ruby2.3.0\bin;C:\Users\¬ладислав\AppData\Local\Microsoft\WindowsApps;;C:\Users\¬ладислав\AppData\Local\Programs\Microsoft VS Code\bin
USERNAME=¬ладислав
OS=Windows_NT
PROCESSOR_IDENTIFIER=Intel64 Family 6 Model 58 Stepping 9, GenuineIntel



---------------  S Y S T E M  ---------------

OS: Windows 10.0 , 64 bit Build 17134 (10.0.17134.1)

CPU:total 4 (2 cores per cpu, 2 threads per core) family 6 model 58 stepping 9, cmov, cx8, fxsr, mmx, sse, sse2, sse3, ssse3, sse4.1, sse4.2, popcnt, avx, clmul, erms, ht, tsc, tscinvbit, tscinv

Memory: 4k page, physical 8271472k(1356908k free), swap 8271472k(4444k free)

vm_info: OpenJDK 64-Bit Server VM (25.112-b06) for windows-amd64 JRE (1.8.0_112-release-b06), built on Dec  8 2016 00:54:26 by "builder" with MS VC++ 10.0 (VS2010)

time: Thu Nov 29 23:36:52 2018
elapsed time: 2 seconds (0d 0h 0m 2s)

