#
# There is insufficient memory for the Java Runtime Environment to continue.
# Native memory allocation (malloc) failed to allocate 311136 bytes for Chunk::new
# Possible reasons:
#   The system is out of physical RAM or swap space
#   In 32 bit mode, the process size limit was hit
# Possible solutions:
#   Reduce memory load on the system
#   Increase physical memory or swap space
#   Check if swap backing store is full
#   Use 64 bit Java on a 64 bit OS
#   Decrease Java heap size (-Xmx/-Xms)
#   Decrease number of Java threads
#   Decrease Java thread stack sizes (-Xss)
#   Set larger code cache with -XX:ReservedCodeCacheSize=
# This output file may be truncated or incomplete.
#
#  Out of Memory Error (allocation.cpp:390), pid=11316, tid=0x0000000000002320
#
# JRE version: OpenJDK Runtime Environment (8.0_112-b06) (build 1.8.0_112-release-b06)
# Java VM: OpenJDK 64-Bit Server VM (25.112-b06 mixed mode windows-amd64 compressed oops)
# Failed to write core dump. Minidumps are not enabled by default on client versions of Windows
#

---------------  T H R E A D  ---------------

Current thread (0x0000000015663800):  JavaThread "C2 CompilerThread0" daemon [_thread_in_native, id=8992, stack(0x0000000016cb0000,0x0000000016db0000)]

Stack: [0x0000000016cb0000,0x0000000016db0000]
[error occurred during error reporting (printing stack bounds), id 0xc0000005]

Native frames: (J=compiled Java code, j=interpreted, Vv=VM code, C=native code)


Current CompileTask:
C2:   3912 1478       4       com.android.dx.ssa.MoveParamCombiner$1::visitNonMoveInsn (213 bytes)


---------------  P R O C E S S  ---------------

Java Threads: ( => current thread )
  0x0000000017152800 JavaThread "pool-1-thread-4" [_thread_in_Java, id=10448, stack(0x00000000179b0000,0x0000000017ab0000)]
  0x0000000017222000 JavaThread "pool-1-thread-3" [_thread_blocked, id=11320, stack(0x00000000178b0000,0x00000000179b0000)]
  0x000000001721e000 JavaThread "pool-1-thread-2" [_thread_blocked, id=7944, stack(0x00000000177b0000,0x00000000178b0000)]
  0x00000000170fb000 JavaThread "pool-2-thread-1" [_thread_blocked, id=10192, stack(0x00000000176b0000,0x00000000177b0000)]
  0x00000000170fa800 JavaThread "pool-1-thread-1" [_thread_blocked, id=1524, stack(0x00000000175b0000,0x00000000176b0000)]
  0x00000000156bc000 JavaThread "Service Thread" daemon [_thread_blocked, id=5260, stack(0x00000000173b0000,0x00000000174b0000)]
  0x0000000016ec0800 JavaThread "C1 CompilerThread2" daemon [_thread_in_native, id=8852, stack(0x00000000172b0000,0x00000000173b0000)]
  0x0000000015666800 JavaThread "C2 CompilerThread1" daemon [_thread_in_native, id=6088, stack(0x0000000016db0000,0x0000000016eb0000)]
=>0x0000000015663800 JavaThread "C2 CompilerThread0" daemon [_thread_in_native, id=8992, stack(0x0000000016cb0000,0x0000000016db0000)]
  0x0000000015662000 JavaThread "Attach Listener" daemon [_thread_blocked, id=2036, stack(0x0000000016bb0000,0x0000000016cb0000)]
  0x000000001565f000 JavaThread "Signal Dispatcher" daemon [_thread_blocked, id=11448, stack(0x0000000016ab0000,0x0000000016bb0000)]
  0x0000000015648000 JavaThread "Finalizer" daemon [_thread_blocked, id=11092, stack(0x00000000168b0000,0x00000000169b0000)]
  0x0000000002f80800 JavaThread "Reference Handler" daemon [_thread_blocked, id=6924, stack(0x00000000167b0000,0x00000000168b0000)]
  0x0000000002d8d800 JavaThread "main" [_thread_blocked, id=12028, stack(0x0000000002d90000,0x0000000002e90000)]

Other Threads:
  0x0000000015626000 VMThread [stack: 0x00000000166b0000,0x00000000167b0000] [id=3140]
  0x00000000156bd000 WatcherThread [stack: 0x00000000174b0000,0x00000000175b0000] [id=12000]

VM state:not at safepoint (normal execution)

VM Mutex/Monitor currently owned by a thread: None

Heap:
 PSYoungGen      total 38400K, used 19312K [0x00000000eab00000, 0x00000000ed580000, 0x0000000100000000)
  eden space 33280K, 42% used [0x00000000eab00000,0x00000000eb8e2178,0x00000000ecb80000)
  from space 5120K, 99% used [0x00000000ecb80000,0x00000000ed07a070,0x00000000ed080000)
  to   space 5120K, 0% used [0x00000000ed080000,0x00000000ed080000,0x00000000ed580000)
 ParOldGen       total 87552K, used 1005K [0x00000000c0000000, 0x00000000c5580000, 0x00000000eab00000)
  object space 87552K, 1% used [0x00000000c0000000,0x00000000c00fb6e0,0x00000000c5580000)
 Metaspace       used 5852K, capacity 6960K, committed 7040K, reserved 1056768K
  class space    used 562K, capacity 616K, committed 640K, reserved 1048576K

Card table byte_map: [0x0000000012350000,0x0000000012560000] byte_map_base: 0x0000000011d50000

Marking Bits: (ParMarkBitMap*) 0x00000000730f18f0
 Begin Bits: [0x0000000012ac0000, 0x0000000013ac0000)
 End Bits:   [0x0000000013ac0000, 0x0000000014ac0000)

Polling page: 0x0000000002c50000

CodeCache: size=245760Kb used=5746Kb max_used=5746Kb free=240013Kb
 bounds [0x0000000002f90000, 0x0000000003540000, 0x0000000011f90000]
 total_blobs=1699 nmethods=1437 adapters=176
 compilation: enabled

Compilation events (10 events):
Event: 3.905 Thread 0x0000000016ec0800 nmethod 1491 0x000000000352ce10 code [0x000000000352cfa0, 0x000000000352d3e8]
Event: 3.905 Thread 0x0000000016ec0800 1487       3       com.android.dx.util.IntList::makeImmutable (25 bytes)
Event: 3.905 Thread 0x0000000016ec0800 nmethod 1487 0x000000000352d590 code [0x000000000352d720, 0x000000000352db48]
Event: 3.905 Thread 0x0000000016ec0800 1498       3       java.util.HashMap::tableSizeFor (59 bytes)
Event: 3.905 Thread 0x0000000016ec0800 nmethod 1498 0x000000000352dc90 code [0x000000000352de00, 0x000000000352e010]
Event: 3.905 Thread 0x0000000016ec0800 1516       3       com.android.dx.cf.code.ByteBlock::<init> (181 bytes)
Event: 3.907 Thread 0x0000000016ec0800 nmethod 1516 0x000000000352e090 code [0x000000000352e360, 0x000000000352f668]
Event: 3.907 Thread 0x0000000016ec0800 1517       3       com.android.dx.rop.type.Type::isIntlike (56 bytes)
Event: 3.907 Thread 0x0000000016ec0800 nmethod 1517 0x000000000352ff90 code [0x00000000035300e0, 0x0000000003530270]
Event: 3.907 Thread 0x0000000016ec0800 1518   !   3       com.android.dx.cf.code.Ropper::processBlock (1101 bytes)

GC Heap History (2 events):
Event: 2.884 GC heap before
{Heap before GC invocations=1 (full 0):
 PSYoungGen      total 38400K, used 33280K [0x00000000eab00000, 0x00000000ed580000, 0x0000000100000000)
  eden space 33280K, 100% used [0x00000000eab00000,0x00000000ecb80000,0x00000000ecb80000)
  from space 5120K, 0% used [0x00000000ed080000,0x00000000ed080000,0x00000000ed580000)
  to   space 5120K, 0% used [0x00000000ecb80000,0x00000000ecb80000,0x00000000ed080000)
 ParOldGen       total 87552K, used 0K [0x00000000c0000000, 0x00000000c5580000, 0x00000000eab00000)
  object space 87552K, 0% used [0x00000000c0000000,0x00000000c0000000,0x00000000c5580000)
 Metaspace       used 5702K, capacity 6832K, committed 7040K, reserved 1056768K
  class space    used 561K, capacity 616K, committed 640K, reserved 1048576K
Event: 2.901 GC heap after
Heap after GC invocations=1 (full 0):
 PSYoungGen      total 38400K, used 5096K [0x00000000eab00000, 0x00000000ed580000, 0x0000000100000000)
  eden space 33280K, 0% used [0x00000000eab00000,0x00000000eab00000,0x00000000ecb80000)
  from space 5120K, 99% used [0x00000000ecb80000,0x00000000ed07a070,0x00000000ed080000)
  to   space 5120K, 0% used [0x00000000ed080000,0x00000000ed080000,0x00000000ed580000)
 ParOldGen       total 87552K, used 1005K [0x00000000c0000000, 0x00000000c5580000, 0x00000000eab00000)
  object space 87552K, 1% used [0x00000000c0000000,0x00000000c00fb6e0,0x00000000c5580000)
 Metaspace       used 5702K, capacity 6832K, committed 7040K, reserved 1056768K
  class space    used 561K, capacity 616K, committed 640K, reserved 1048576K
}

Deoptimization events (10 events):
Event: 3.681 Thread 0x0000000017222000 Uncommon trap: reason=class_check action=maybe_recompile pc=0x0000000003357204 method=java.util.HashMap.putVal(ILjava/lang/Object;Ljava/lang/Object;ZZ)Ljava/lang/Object; @ 203
Event: 3.686 Thread 0x0000000017222000 Uncommon trap: reason=unstable_if action=reinterpret pc=0x00000000031deaec method=com.android.dx.rop.code.RegisterSpecSet.put(Lcom/android/dx/rop/code/RegisterSpec;)V @ 77
Event: 3.686 Thread 0x0000000017222000 Uncommon trap: reason=unstable_if action=reinterpret pc=0x0000000003346060 method=com.android.dx.rop.code.RegisterSpecSet.put(Lcom/android/dx/rop/code/RegisterSpec;)V @ 77
Event: 3.686 Thread 0x0000000017222000 Uncommon trap: reason=unstable_if action=reinterpret pc=0x00000000032adda0 method=com.android.dx.rop.code.RegisterSpecSet.put(Lcom/android/dx/rop/code/RegisterSpec;)V @ 77
Event: 3.687 Thread 0x0000000017222000 Uncommon trap: reason=bimorphic action=maybe_recompile pc=0x0000000003235674 method=java.util.HashMap.getNode(ILjava/lang/Object;)Ljava/util/HashMap$Node; @ 126
Event: 3.687 Thread 0x0000000017222000 Uncommon trap: reason=class_check action=maybe_recompile pc=0x0000000003357204 method=java.util.HashMap.putVal(ILjava/lang/Object;Ljava/lang/Object;ZZ)Ljava/lang/Object; @ 203
Event: 3.687 Thread 0x0000000017222000 Uncommon trap: reason=bimorphic action=maybe_recompile pc=0x0000000003235674 method=java.util.HashMap.getNode(ILjava/lang/Object;)Ljava/util/HashMap$Node; @ 126
Event: 3.687 Thread 0x0000000017222000 Uncommon trap: reason=class_check action=maybe_recompile pc=0x0000000003357204 method=java.util.HashMap.putVal(ILjava/lang/Object;Ljava/lang/Object;ZZ)Ljava/lang/Object; @ 203
Event: 3.687 Thread 0x0000000017222000 Uncommon trap: reason=bimorphic action=maybe_recompile pc=0x0000000003235674 method=java.util.HashMap.getNode(ILjava/lang/Object;)Ljava/util/HashMap$Node; @ 126
Event: 3.687 Thread 0x0000000017222000 Uncommon trap: reason=class_check action=maybe_recompile pc=0x0000000003357204 method=java.util.HashMap.putVal(ILjava/lang/Object;Ljava/lang/Object;ZZ)Ljava/lang/Object; @ 203

Internal exceptions (5 events):
Event: 0.086 Thread 0x0000000002d8d800 Exception <a 'java/lang/NoSuchMethodError': Method sun.misc.Unsafe.defineClass(Ljava/lang/String;[BII)Ljava/lang/Class; name or signature does not match> (0x00000000eab07c78) thrown at [C:\src\android\AOSP-openjdk\external\jetbrains\jdk\hotspot\src\share\vTp€щµ?
Event: 0.086 Thread 0x0000000002d8d800 Exception <a 'java/lang/NoSuchMethodError': Method sun.misc.Unsafe.prefetchRead(Ljava/lang/Object;J)V name or signature does not match> (0x00000000eab07f60) thrown at [C:\src\android\AOSP-openjdk\external\jetbrains\jdk\hotspot\src\share\vm\prims\jni.cpp, lО4р^Йa@
Event: 2.423 Thread 0x00000000170fa800 Implicit null exception at 0x00000000031e5ded to 0x00000000031e8d59
Event: 2.423 Thread 0x00000000170fa800 Implicit null exception at 0x00000000031f0d67 to 0x00000000031f31d1
Event: 2.814 Thread 0x0000000002d8d800 Implicit null exception at 0x00000000032ac7a2 to 0x00000000032ac892

Events (10 events):
Event: 3.687 Thread 0x0000000017222000 DEOPT UNPACKING pc=0x0000000002fd556a sp=0x00000000179aec90 mode 2
Event: 3.687 Thread 0x0000000017222000 Uncommon trap: trap_request=0xffffffde fr.pc=0x0000000003357204
Event: 3.687 Thread 0x0000000017222000 DEOPT PACKING pc=0x0000000003357204 sp=0x00000000179aeca0
Event: 3.687 Thread 0x0000000017222000 DEOPT UNPACKING pc=0x0000000002fd556a sp=0x00000000179aec18 mode 2
Event: 3.722 loading class com/android/dx/cf/attrib/AttRuntimeInvisibleParameterAnnotations
Event: 3.722 loading class com/android/dx/cf/attrib/AttRuntimeInvisibleParameterAnnotations done
Event: 3.723 loading class com/android/dx/cf/attrib/BaseParameterAnnotations
Event: 3.723 loading class com/android/dx/cf/attrib/BaseParameterAnnotations done
Event: 3.820 Executing VM operation: ForceSafepoint
Event: 3.828 Executing VM operation: ForceSafepoint done


Dynamic libraries:
0x00007ff749120000 - 0x00007ff749151000 	D:\AndroidStudio\Android Studio\jre\bin\java.exe
0x00007ff83dab0000 - 0x00007ff83dc91000 	C:\WINDOWS\SYSTEM32\ntdll.dll
0x00007ff83b2b0000 - 0x00007ff83b362000 	C:\WINDOWS\System32\KERNEL32.DLL
0x00007ff839fb0000 - 0x00007ff83a223000 	C:\WINDOWS\System32\KERNELBASE.dll
0x00007ff83b5e0000 - 0x00007ff83b681000 	C:\WINDOWS\System32\ADVAPI32.dll
0x00007ff83b150000 - 0x00007ff83b1ee000 	C:\WINDOWS\System32\msvcrt.dll
0x00007ff83b1f0000 - 0x00007ff83b24b000 	C:\WINDOWS\System32\sechost.dll
0x00007ff83d2a0000 - 0x00007ff83d3c4000 	C:\WINDOWS\System32\RPCRT4.dll
0x00007ff83d110000 - 0x00007ff83d2a0000 	C:\WINDOWS\System32\USER32.dll
0x00007ff83ad80000 - 0x00007ff83ada0000 	C:\WINDOWS\System32\win32u.dll
0x00007ff83b380000 - 0x00007ff83b3a8000 	C:\WINDOWS\System32\GDI32.dll
0x00007ff83a230000 - 0x00007ff83a3c2000 	C:\WINDOWS\System32\gdi32full.dll
0x00007ff83aea0000 - 0x00007ff83af3f000 	C:\WINDOWS\System32\msvcp_win.dll
0x00007ff83ada0000 - 0x00007ff83ae9a000 	C:\WINDOWS\System32\ucrtbase.dll
0x00007ff82d4a0000 - 0x00007ff82d709000 	C:\WINDOWS\WinSxS\amd64_microsoft.windows.common-controls_6595b64144ccf1df_6.0.17134.407_none_fb449d63306391e9\COMCTL32.dll
0x00007ff83cde0000 - 0x00007ff83d102000 	C:\WINDOWS\System32\combase.dll
0x00007ff839e80000 - 0x00007ff839efa000 	C:\WINDOWS\System32\bcryptPrimitives.dll
0x00007ff83afa0000 - 0x00007ff83afcd000 	C:\WINDOWS\System32\IMM32.DLL
0x0000000073390000 - 0x0000000073462000 	D:\AndroidStudio\Android Studio\jre\jre\bin\msvcr100.dll
0x0000000072930000 - 0x000000007316c000 	D:\AndroidStudio\Android Studio\jre\jre\bin\server\jvm.dll
0x00007ff83d470000 - 0x00007ff83d478000 	C:\WINDOWS\System32\PSAPI.DLL
0x00007ff82fe40000 - 0x00007ff82fe49000 	C:\WINDOWS\SYSTEM32\WSOCK32.dll
0x00007ff83d3e0000 - 0x00007ff83d44c000 	C:\WINDOWS\System32\WS2_32.dll
0x00007ff837aa0000 - 0x00007ff837ac3000 	C:\WINDOWS\SYSTEM32\WINMM.dll
0x00007ff830630000 - 0x00007ff83063a000 	C:\WINDOWS\SYSTEM32\VERSION.dll
0x00007ff837a70000 - 0x00007ff837a9a000 	C:\WINDOWS\SYSTEM32\WINMMBASE.dll
0x00007ff83aae0000 - 0x00007ff83ab29000 	C:\WINDOWS\System32\cfgmgr32.dll
0x00007ff82fe00000 - 0x00007ff82fe0f000 	D:\AndroidStudio\Android Studio\jre\jre\bin\verify.dll
0x00007ff82d1b0000 - 0x00007ff82d1d9000 	D:\AndroidStudio\Android Studio\jre\jre\bin\java.dll
0x00007ff82fde0000 - 0x00007ff82fdf6000 	D:\AndroidStudio\Android Studio\jre\jre\bin\zip.dll
0x00007ff83b830000 - 0x00007ff83cc6f000 	C:\WINDOWS\System32\SHELL32.dll
0x00007ff83d480000 - 0x00007ff83d529000 	C:\WINDOWS\System32\shcore.dll
0x00007ff83a3d0000 - 0x00007ff83aadd000 	C:\WINDOWS\System32\windows.storage.dll
0x00007ff83b250000 - 0x00007ff83b2a1000 	C:\WINDOWS\System32\shlwapi.dll
0x00007ff839dc0000 - 0x00007ff839dd1000 	C:\WINDOWS\System32\kernel.appcore.dll
0x00007ff839de0000 - 0x00007ff839dff000 	C:\WINDOWS\System32\profapi.dll
0x00007ff839e10000 - 0x00007ff839e5c000 	C:\WINDOWS\System32\powrprof.dll
0x00007ff839e00000 - 0x00007ff839e0a000 	C:\WINDOWS\System32\FLTLIB.DLL

VM Arguments:
jvm_args: -Djava.awt.headless=true -Xmx1024M -Dfile.encoding=windows-1251 -Duser.country=RU -Duser.language=ru -Duser.variant 
java_command: com.android.dx.command.Main --dex --num-threads=4 --output D:\AndroidStudio\ExpenseTracker\app\build\intermediates\pre-dexed\debug\classes_545a38d6ca7d31f823eca658645ee1f4e51a41f2.jar C:\Users\Владислав\.android\build-cache\8cbe3f4b70c213c87808472358eba6950652934c\output\jars\classes.jar
java_class_path (initial): D:\AndroidStudio\sdk\build-tools\25.0.0\lib\dx.jar
Launcher Type: SUN_STANDARD

Environment Variables:
JAVA_HOME=C:\Program Files\Java\jdk1.8.0_111
PATH=C:\ProgramData\Oracle\Java\javapath;C:\WINDOWS\system32;C:\WINDOWS;C:\WINDOWS\System32\Wbem;C:\WINDOWS\System32\WindowsPowerShell\v1.0\;C:\Program Files (x86)\Windows Live\Shared;D:\3.0.0\bin\i386-Win32;C:\FPC\3.0.0\bin\i386-Win32;C:\FPC\2.6.4\bin\i386-Win32;C:\Program Files\Java\jdk1.8.0_111\bin;C:\WINDOWS\system32\config\systemprofile\.dnx\bin;C:\Program Files\Microsoft DNX\Dnvm\;C:\Program Files\Microsoft SQL Server\120\Tools\Binn\;C:\Program Files\Microsoft SQL Server\130\Tools\Binn\;C:\Program Files (x86)\NVIDIA Corporation\Cg\bin;C:\Program Files\Common Files\Autodesk Shared\;C:\Program Files (x86)\Autodesk\Backburner\;C:\WINDOWS\System32\OpenSSH\;C:\Program Files\wget;C:\Python36\Scripts\;C:\Python36\;C:\RailsInstaller\Git\cmd;C:\RailsInstaller\Ruby2.3.0\bin;C:\Users\Владислав\AppData\Local\Microsoft\WindowsApps;;C:\Users\Владислав\AppData\Local\Programs\Microsoft VS Code\bin
USERNAME=Владислав
OS=Windows_NT
PROCESSOR_IDENTIFIER=Intel64 Family 6 Model 58 Stepping 9, GenuineIntel



---------------  S Y S T E M  ---------------

OS: Windows 10.0 , 64 bit Build 17134 (10.0.17134.1)

CPU:total 4 (2 cores per cpu, 2 threads per core) family 6 model 58 stepping 9, cmov, cx8, fxsr, mmx, sse, sse2, sse3, ssse3, sse4.1, sse4.2, popcnt, avx, clmul, erms, ht, tsc, tscinvbit, tscinv

Memory: 4k page, physical 8271472k(1354836k free), swap 8271472k(3252k free)

vm_info: OpenJDK 64-Bit Server VM (25.112-b06) for windows-amd64 JRE (1.8.0_112-release-b06), built on Dec  8 2016 00:54:26 by "builder" with MS VC++ 10.0 (VS2010)

time: Thu Nov 29 23:36:58 2018
elapsed time: 3 seconds (0d 0h 0m 3s)

