#
# There is insufficient memory for the Java Runtime Environment to continue.
# Native memory allocation (malloc) failed to allocate 1049120 bytes for Chunk::new
# Possible reasons:
#   The system is out of physical RAM or swap space
#   In 32 bit mode, the process size limit was hit
# Possible solutions:
#   Reduce memory load on the system
#   Increase physical memory or swap space
#   Check if swap backing store is full
#   Use 64 bit Java on a 64 bit OS
#   Decrease Java heap size (-Xmx/-Xms)
#   Decrease number of Java threads
#   Decrease Java thread stack sizes (-Xss)
#   Set larger code cache with -XX:ReservedCodeCacheSize=
# This output file may be truncated or incomplete.
#
#  Out of Memory Error (allocation.cpp:390), pid=9264, tid=0x0000000000001d34
#
# JRE version: OpenJDK Runtime Environment (8.0_112-b06) (build 1.8.0_112-release-b06)
# Java VM: OpenJDK 64-Bit Server VM (25.112-b06 mixed mode windows-amd64 compressed oops)
# Failed to write core dump. Minidumps are not enabled by default on client versions of Windows
#

---------------  T H R E A D  ---------------

Current thread (0x00000000159ce800):  JavaThread "C2 CompilerThread0" daemon [_thread_in_native, id=7476, stack(0x0000000017020000,0x0000000017120000)]

Stack: [0x0000000017020000,0x0000000017120000]
[error occurred during error reporting (printing stack bounds), id 0xc0000005]

Native frames: (J=compiled Java code, j=interpreted, Vv=VM code, C=native code)


Current CompileTask:
C2:   3776 1486   !   4       com.android.dx.cf.cst.ConstantPoolParser::parse0 (731 bytes)


---------------  P R O C E S S  ---------------

Java Threads: ( => current thread )
  0x0000000017566800 JavaThread "pool-1-thread-4" [_thread_blocked, id=12164, stack(0x0000000017d20000,0x0000000017e20000)]
  0x0000000017566000 JavaThread "pool-1-thread-3" [_thread_blocked, id=3292, stack(0x0000000017c20000,0x0000000017d20000)]
  0x0000000017565000 JavaThread "pool-1-thread-2" [_thread_in_Java, id=2680, stack(0x0000000017b20000,0x0000000017c20000)]
  0x0000000017562800 JavaThread "pool-2-thread-1" [_thread_blocked, id=8080, stack(0x0000000017a20000,0x0000000017b20000)]
  0x0000000017561800 JavaThread "pool-1-thread-1" [_thread_blocked, id=10948, stack(0x0000000017920000,0x0000000017a20000)]
  0x0000000017235800 JavaThread "Service Thread" daemon [_thread_blocked, id=728, stack(0x0000000017720000,0x0000000017820000)]
  0x0000000015a2d000 JavaThread "C1 CompilerThread2" daemon [_thread_blocked, id=8552, stack(0x0000000017620000,0x0000000017720000)]
  0x00000000159d1800 JavaThread "C2 CompilerThread1" daemon [_thread_blocked, id=2636, stack(0x0000000017120000,0x0000000017220000)]
=>0x00000000159ce800 JavaThread "C2 CompilerThread0" daemon [_thread_in_native, id=7476, stack(0x0000000017020000,0x0000000017120000)]
  0x00000000159cd000 JavaThread "Attach Listener" daemon [_thread_blocked, id=7352, stack(0x0000000016f20000,0x0000000017020000)]
  0x00000000159ca000 JavaThread "Signal Dispatcher" daemon [_thread_blocked, id=10132, stack(0x0000000016e20000,0x0000000016f20000)]
  0x00000000159b8000 JavaThread "Finalizer" daemon [_thread_blocked, id=10872, stack(0x0000000016c20000,0x0000000016d20000)]
  0x00000000032f0800 JavaThread "Reference Handler" daemon [_thread_blocked, id=928, stack(0x0000000016b20000,0x0000000016c20000)]
  0x0000000002ffd800 JavaThread "main" [_thread_blocked, id=4120, stack(0x0000000003100000,0x0000000003200000)]

Other Threads:
  0x0000000015996000 VMThread [stack: 0x0000000016a20000,0x0000000016b20000] [id=7700]
  0x000000001722a000 WatcherThread [stack: 0x0000000017820000,0x0000000017920000] [id=7036]

VM state:not at safepoint (normal execution)

VM Mutex/Monitor currently owned by a thread: None

Heap:
 PSYoungGen      total 38400K, used 13926K [0x00000000eab00000, 0x00000000ed580000, 0x0000000100000000)
  eden space 33280K, 26% used [0x00000000eab00000,0x00000000eb39a230,0x00000000ecb80000)
  from space 5120K, 99% used [0x00000000ed080000,0x00000000ed57f880,0x00000000ed580000)
  to   space 5120K, 0% used [0x00000000ecb80000,0x00000000ecb80000,0x00000000ed080000)
 ParOldGen       total 87552K, used 4366K [0x00000000c0000000, 0x00000000c5580000, 0x00000000eab00000)
  object space 87552K, 4% used [0x00000000c0000000,0x00000000c0443978,0x00000000c5580000)
 Metaspace       used 6008K, capacity 7088K, committed 7296K, reserved 1056768K
  class space    used 565K, capacity 616K, committed 640K, reserved 1048576K

Card table byte_map: [0x00000000126c0000,0x00000000128d0000] byte_map_base: 0x00000000120c0000

Marking Bits: (ParMarkBitMap*) 0x00000000730f18f0
 Begin Bits: [0x0000000012e30000, 0x0000000013e30000)
 End Bits:   [0x0000000013e30000, 0x0000000014e30000)

Polling page: 0x0000000001340000

CodeCache: size=245760Kb used=6433Kb max_used=6444Kb free=239326Kb
 bounds [0x0000000003300000, 0x0000000003960000, 0x0000000012300000]
 total_blobs=1824 nmethods=1562 adapters=176
 compilation: enabled

Compilation events (10 events):
Event: 3.709 Thread 0x0000000015a2d000 1568       3       com.android.dx.rop.cst.CstString::utf8BytesToString (391 bytes)
Event: 3.711 Thread 0x0000000015a2d000 nmethod 1568 0x000000000394ae10 code [0x000000000394b0c0, 0x000000000394c238]
Event: 3.711 Thread 0x00000000159d1800 1569       4       com.android.dx.rop.cst.Constant::<init> (5 bytes)
Event: 3.711 Thread 0x00000000159d1800 nmethod 1569 0x0000000003903b50 code [0x0000000003903c80, 0x0000000003903cd8]
Event: 3.715 Thread 0x00000000159d1800 1570       4       com.android.dx.ssa.SsaRenamer$1::visitBlock (16 bytes)
Event: 3.724 Thread 0x00000000159d1800 nmethod 1570 0x0000000003948450 code [0x00000000039485e0, 0x0000000003948a28]
Event: 3.724 Thread 0x00000000159d1800 1571       4       com.android.dx.ssa.SsaRenamer$BlockRenamer::<init> (72 bytes)
Event: 3.730 Thread 0x00000000159d1800 nmethod 1571 0x0000000003940d50 code [0x0000000003940ec0, 0x0000000003941278]
Event: 3.770 Thread 0x0000000015a2d000 1572       3       com.android.dx.cf.direct.DirectClassFile::getAttributes (9 bytes)
Event: 3.771 Thread 0x0000000015a2d000 nmethod 1572 0x0000000003950fd0 code [0x0000000003951140, 0x0000000003951388]

GC Heap History (4 events):
Event: 1.497 GC heap before
{Heap before GC invocations=1 (full 0):
 PSYoungGen      total 38400K, used 33280K [0x00000000eab00000, 0x00000000ed580000, 0x0000000100000000)
  eden space 33280K, 100% used [0x00000000eab00000,0x00000000ecb80000,0x00000000ecb80000)
  from space 5120K, 0% used [0x00000000ed080000,0x00000000ed080000,0x00000000ed580000)
  to   space 5120K, 0% used [0x00000000ecb80000,0x00000000ecb80000,0x00000000ed080000)
 ParOldGen       total 87552K, used 0K [0x00000000c0000000, 0x00000000c5580000, 0x00000000eab00000)
  object space 87552K, 0% used [0x00000000c0000000,0x00000000c0000000,0x00000000c5580000)
 Metaspace       used 5735K, capacity 6832K, committed 7040K, reserved 1056768K
  class space    used 565K, capacity 616K, committed 640K, reserved 1048576K
Event: 1.509 GC heap after
Heap after GC invocations=1 (full 0):
 PSYoungGen      total 38400K, used 5109K [0x00000000eab00000, 0x00000000ed580000, 0x0000000100000000)
  eden space 33280K, 0% used [0x00000000eab00000,0x00000000eab00000,0x00000000ecb80000)
  from space 5120K, 99% used [0x00000000ecb80000,0x00000000ed07d620,0x00000000ed080000)
  to   space 5120K, 0% used [0x00000000ed080000,0x00000000ed080000,0x00000000ed580000)
 ParOldGen       total 87552K, used 820K [0x00000000c0000000, 0x00000000c5580000, 0x00000000eab00000)
  object space 87552K, 0% used [0x00000000c0000000,0x00000000c00cd160,0x00000000c5580000)
 Metaspace       used 5735K, capacity 6832K, committed 7040K, reserved 1056768K
  class space    used 565K, capacity 616K, committed 640K, reserved 1048576K
}
Event: 2.753 GC heap before
{Heap before GC invocations=2 (full 0):
 PSYoungGen      total 38400K, used 38389K [0x00000000eab00000, 0x00000000ed580000, 0x0000000100000000)
  eden space 33280K, 100% used [0x00000000eab00000,0x00000000ecb80000,0x00000000ecb80000)
  from space 5120K, 99% used [0x00000000ecb80000,0x00000000ed07d620,0x00000000ed080000)
  to   space 5120K, 0% used [0x00000000ed080000,0x00000000ed080000,0x00000000ed580000)
 ParOldGen       total 87552K, used 820K [0x00000000c0000000, 0x00000000c5580000, 0x00000000eab00000)
  object space 87552K, 0% used [0x00000000c0000000,0x00000000c00cd160,0x00000000c5580000)
 Metaspace       used 5952K, capacity 7024K, committed 7296K, reserved 1056768K
  class space    used 565K, capacity 616K, committed 640K, reserved 1048576K
Event: 2.907 GC heap after
Heap after GC invocations=2 (full 0):
 PSYoungGen      total 38400K, used 5118K [0x00000000eab00000, 0x00000000ed580000, 0x0000000100000000)
  eden space 33280K, 0% used [0x00000000eab00000,0x00000000eab00000,0x00000000ecb80000)
  from space 5120K, 99% used [0x00000000ed080000,0x00000000ed57f880,0x00000000ed580000)
  to   space 5120K, 0% used [0x00000000ecb80000,0x00000000ecb80000,0x00000000ed080000)
 ParOldGen       total 87552K, used 4366K [0x00000000c0000000, 0x00000000c5580000, 0x00000000eab00000)
  object space 87552K, 4% used [0x00000000c0000000,0x00000000c0443978,0x00000000c5580000)
 Metaspace       used 5952K, capacity 7024K, committed 7296K, reserved 1056768K
  class space    used 565K, capacity 616K, committed 640K, reserved 1048576K
}

Deoptimization events (10 events):
Event: 1.322 Thread 0x0000000017566800 Uncommon trap: reason=unstable_if action=reinterpret pc=0x00000000035b4778 method=com.android.dx.rop.code.LocalItem.hashCode()I @ 25
Event: 1.322 Thread 0x0000000017566800 Uncommon trap: reason=unstable_if action=reinterpret pc=0x00000000035b92bc method=com.android.dx.rop.code.LocalItem.hashCode()I @ 25
Event: 1.324 Thread 0x0000000017566800 Uncommon trap: reason=unstable_if action=reinterpret pc=0x00000000035c9fec method=com.android.dx.rop.code.RegisterSpecSet.put(Lcom/android/dx/rop/code/RegisterSpec;)V @ 77
Event: 1.324 Thread 0x0000000017566800 Uncommon trap: reason=unstable_if action=reinterpret pc=0x00000000035c356c method=com.android.dx.rop.code.RegisterSpecSet.put(Lcom/android/dx/rop/code/RegisterSpec;)V @ 77
Event: 1.325 Thread 0x0000000017566800 Uncommon trap: reason=unstable_if action=reinterpret pc=0x00000000035b2058 method=com.android.dx.rop.code.LocalItem.hashCode()I @ 25
Event: 1.904 Thread 0x0000000017565000 Uncommon trap: reason=unstable_if action=reinterpret pc=0x000000000354781c method=com.android.dx.rop.cst.Constant.compareTo(Lcom/android/dx/rop/cst/Constant;)I @ 12
Event: 2.659 Thread 0x0000000017566000 Uncommon trap: reason=null_check action=make_not_entrant pc=0x00000000035ccf90 method=com.android.dx.ssa.SsaRenamer.getLocalForNewReg(I)Lcom/android/dx/rop/code/LocalItem; @ 19
Event: 2.732 Thread 0x0000000002ffd800 Uncommon trap: reason=unstable_if action=reinterpret pc=0x000000000354c690 method=java.lang.String.<init>([CII)V @ 18
Event: 2.748 Thread 0x0000000017566000 Uncommon trap: reason=unstable_if action=reinterpret pc=0x0000000003873b60 method=com.android.dx.ssa.SCCP.simulateBranch(Lcom/android/dx/ssa/SsaInsn;)V @ 64
Event: 3.162 Thread 0x0000000002ffd800 Uncommon trap: reason=unstable_if action=reinterpret pc=0x00000000035457b8 method=java.lang.String.<init>([CII)V @ 18

Internal exceptions (3 events):
Event: 0.090 Thread 0x0000000002ffd800 Exception <a 'java/lang/NoSuchMethodError': Method sun.misc.Unsafe.defineClass(Ljava/lang/String;[BII)Ljava/lang/Class; name or signature does not match> (0x00000000eab07c78) thrown at [C:\src\android\AOSP-openjdk\external\jetbrains\jdk\hotspot\src\share\vМ"»{·?
Event: 0.090 Thread 0x0000000002ffd800 Exception <a 'java/lang/NoSuchMethodError': Method sun.misc.Unsafe.prefetchRead(Ljava/lang/Object;J)V name or signature does not match> (0x00000000eab07f60) thrown at [C:\src\android\AOSP-openjdk\external\jetbrains\jdk\hotspot\src\share\vm\prims\jni.cpp, ly‘,hjF@
Event: 2.659 Thread 0x0000000017566000 Implicit null exception at 0x00000000035caaf1 to 0x00000000035ccf45

Events (10 events):
Event: 2.748 Thread 0x0000000017566000 Uncommon trap: trap_request=0xffffff65 fr.pc=0x0000000003873b60
Event: 2.748 Thread 0x0000000017566000 DEOPT PACKING pc=0x0000000003873b60 sp=0x0000000017d1e940
Event: 2.748 Thread 0x0000000017566000 DEOPT UNPACKING pc=0x000000000334556a sp=0x0000000017d1e930 mode 2
Event: 2.753 Executing VM operation: ParallelGCFailedAllocation
Event: 2.907 Executing VM operation: ParallelGCFailedAllocation done
Event: 3.162 Thread 0x0000000002ffd800 Uncommon trap: trap_request=0xffffff65 fr.pc=0x00000000035457b8
Event: 3.162 Thread 0x0000000002ffd800 DEOPT PACKING pc=0x00000000035457b8 sp=0x00000000031fe100
Event: 3.162 Thread 0x0000000002ffd800 DEOPT UNPACKING pc=0x000000000334556a sp=0x00000000031fe0c8 mode 2
Event: 3.711 Thread 0x0000000002ffd800 DEOPT PACKING pc=0x0000000003896e80 sp=0x00000000031fe170
Event: 3.711 Thread 0x0000000002ffd800 DEOPT UNPACKING pc=0x00000000033475bf sp=0x00000000031fdee0 mode 0


Dynamic libraries:
0x00007ff749120000 - 0x00007ff749151000 	D:\AndroidStudio\Android Studio\jre\bin\java.exe
0x00007ff83dab0000 - 0x00007ff83dc91000 	C:\WINDOWS\SYSTEM32\ntdll.dll
0x00007ff83b2b0000 - 0x00007ff83b362000 	C:\WINDOWS\System32\KERNEL32.DLL
0x00007ff839fb0000 - 0x00007ff83a223000 	C:\WINDOWS\System32\KERNELBASE.dll
0x00007ff83b5e0000 - 0x00007ff83b681000 	C:\WINDOWS\System32\ADVAPI32.dll
0x00007ff83b150000 - 0x00007ff83b1ee000 	C:\WINDOWS\System32\msvcrt.dll
0x00007ff83b1f0000 - 0x00007ff83b24b000 	C:\WINDOWS\System32\sechost.dll
0x00007ff83d2a0000 - 0x00007ff83d3c4000 	C:\WINDOWS\System32\RPCRT4.dll
0x00007ff83d110000 - 0x00007ff83d2a0000 	C:\WINDOWS\System32\USER32.dll
0x00007ff83ad80000 - 0x00007ff83ada0000 	C:\WINDOWS\System32\win32u.dll
0x00007ff83b380000 - 0x00007ff83b3a8000 	C:\WINDOWS\System32\GDI32.dll
0x00007ff83a230000 - 0x00007ff83a3c2000 	C:\WINDOWS\System32\gdi32full.dll
0x00007ff83aea0000 - 0x00007ff83af3f000 	C:\WINDOWS\System32\msvcp_win.dll
0x00007ff83ada0000 - 0x00007ff83ae9a000 	C:\WINDOWS\System32\ucrtbase.dll
0x00007ff82d4a0000 - 0x00007ff82d709000 	C:\WINDOWS\WinSxS\amd64_microsoft.windows.common-controls_6595b64144ccf1df_6.0.17134.407_none_fb449d63306391e9\COMCTL32.dll
0x00007ff83cde0000 - 0x00007ff83d102000 	C:\WINDOWS\System32\combase.dll
0x00007ff839e80000 - 0x00007ff839efa000 	C:\WINDOWS\System32\bcryptPrimitives.dll
0x00007ff83afa0000 - 0x00007ff83afcd000 	C:\WINDOWS\System32\IMM32.DLL
0x0000000073390000 - 0x0000000073462000 	D:\AndroidStudio\Android Studio\jre\jre\bin\msvcr100.dll
0x0000000072930000 - 0x000000007316c000 	D:\AndroidStudio\Android Studio\jre\jre\bin\server\jvm.dll
0x00007ff83d470000 - 0x00007ff83d478000 	C:\WINDOWS\System32\PSAPI.DLL
0x00007ff82fe40000 - 0x00007ff82fe49000 	C:\WINDOWS\SYSTEM32\WSOCK32.dll
0x00007ff83d3e0000 - 0x00007ff83d44c000 	C:\WINDOWS\System32\WS2_32.dll
0x00007ff837aa0000 - 0x00007ff837ac3000 	C:\WINDOWS\SYSTEM32\WINMM.dll
0x00007ff830630000 - 0x00007ff83063a000 	C:\WINDOWS\SYSTEM32\VERSION.dll
0x00007ff837a70000 - 0x00007ff837a9a000 	C:\WINDOWS\SYSTEM32\WINMMBASE.dll
0x00007ff83aae0000 - 0x00007ff83ab29000 	C:\WINDOWS\System32\cfgmgr32.dll
0x00007ff82fe00000 - 0x00007ff82fe0f000 	D:\AndroidStudio\Android Studio\jre\jre\bin\verify.dll
0x00007ff82d1b0000 - 0x00007ff82d1d9000 	D:\AndroidStudio\Android Studio\jre\jre\bin\java.dll
0x00007ff82fde0000 - 0x00007ff82fdf6000 	D:\AndroidStudio\Android Studio\jre\jre\bin\zip.dll
0x00007ff83b830000 - 0x00007ff83cc6f000 	C:\WINDOWS\System32\SHELL32.dll
0x00007ff83d480000 - 0x00007ff83d529000 	C:\WINDOWS\System32\shcore.dll
0x00007ff83a3d0000 - 0x00007ff83aadd000 	C:\WINDOWS\System32\windows.storage.dll
0x00007ff83b250000 - 0x00007ff83b2a1000 	C:\WINDOWS\System32\shlwapi.dll
0x00007ff839dc0000 - 0x00007ff839dd1000 	C:\WINDOWS\System32\kernel.appcore.dll
0x00007ff839de0000 - 0x00007ff839dff000 	C:\WINDOWS\System32\profapi.dll
0x00007ff839e10000 - 0x00007ff839e5c000 	C:\WINDOWS\System32\powrprof.dll
0x00007ff839e00000 - 0x00007ff839e0a000 	C:\WINDOWS\System32\FLTLIB.DLL

VM Arguments:
jvm_args: -Djava.awt.headless=true -Xmx1024M -Dfile.encoding=windows-1251 -Duser.country=RU -Duser.language=ru -Duser.variant 
java_command: com.android.dx.command.Main --dex --num-threads=4 --output D:\AndroidStudio\ExpenseTracker\app\build\intermediates\pre-dexed\debug\classes_a21f437c9544d72031a42d471b4702c6e42b4ce3.jar C:\Users\Владислав\.android\build-cache\07666563f7d6d1290002b8e0373e0e050c50cbde\output\jars\classes.jar
java_class_path (initial): D:\AndroidStudio\sdk\build-tools\25.0.0\lib\dx.jar
Launcher Type: SUN_STANDARD

Environment Variables:
JAVA_HOME=C:\Program Files\Java\jdk1.8.0_111
PATH=C:\ProgramData\Oracle\Java\javapath;C:\WINDOWS\system32;C:\WINDOWS;C:\WINDOWS\System32\Wbem;C:\WINDOWS\System32\WindowsPowerShell\v1.0\;C:\Program Files (x86)\Windows Live\Shared;D:\3.0.0\bin\i386-Win32;C:\FPC\3.0.0\bin\i386-Win32;C:\FPC\2.6.4\bin\i386-Win32;C:\Program Files\Java\jdk1.8.0_111\bin;C:\WINDOWS\system32\config\systemprofile\.dnx\bin;C:\Program Files\Microsoft DNX\Dnvm\;C:\Program Files\Microsoft SQL Server\120\Tools\Binn\;C:\Program Files\Microsoft SQL Server\130\Tools\Binn\;C:\Program Files (x86)\NVIDIA Corporation\Cg\bin;C:\Program Files\Common Files\Autodesk Shared\;C:\Program Files (x86)\Autodesk\Backburner\;C:\WINDOWS\System32\OpenSSH\;C:\Program Files\wget;C:\Python36\Scripts\;C:\Python36\;C:\RailsInstaller\Git\cmd;C:\RailsInstaller\Ruby2.3.0\bin;C:\Users\Владислав\AppData\Local\Microsoft\WindowsApps;;C:\Users\Владислав\AppData\Local\Programs\Microsoft VS Code\bin
USERNAME=Владислав
OS=Windows_NT
PROCESSOR_IDENTIFIER=Intel64 Family 6 Model 58 Stepping 9, GenuineIntel



---------------  S Y S T E M  ---------------

OS: Windows 10.0 , 64 bit Build 17134 (10.0.17134.1)

CPU:total 4 (2 cores per cpu, 2 threads per core) family 6 model 58 stepping 9, cmov, cx8, fxsr, mmx, sse, sse2, sse3, ssse3, sse4.1, sse4.2, popcnt, avx, clmul, erms, ht, tsc, tscinvbit, tscinv

Memory: 4k page, physical 8271472k(1361268k free), swap 8271472k(4260k free)

vm_info: OpenJDK 64-Bit Server VM (25.112-b06) for windows-amd64 JRE (1.8.0_112-release-b06), built on Dec  8 2016 00:54:26 by "builder" with MS VC++ 10.0 (VS2010)

time: Thu Nov 29 23:36:58 2018
elapsed time: 3 seconds (0d 0h 0m 3s)

